17-Mar-2026 09:46:53.318 INFO [main] org.apache.catalina.startup.VersionLoggerListener.log Nom version serveur :              Apache Tomcat/9.0.115
17-Mar-2026 09:46:53.322 INFO [main] org.apache.catalina.startup.VersionLoggerListener.log Serveur compilé :                  Jan 21 2026 08:17:26 UTC
17-Mar-2026 09:46:53.322 INFO [main] org.apache.catalina.startup.VersionLoggerListener.log Version du serveur :               9.0.115.0
17-Mar-2026 09:46:53.322 INFO [main] org.apache.catalina.startup.VersionLoggerListener.log Nom de l'OS :                      Windows 11
17-Mar-2026 09:46:53.323 INFO [main] org.apache.catalina.startup.VersionLoggerListener.log Version OS :                       10.0
17-Mar-2026 09:46:53.323 INFO [main] org.apache.catalina.startup.VersionLoggerListener.log Architecture :                     amd64
17-Mar-2026 09:46:53.323 INFO [main] org.apache.catalina.startup.VersionLoggerListener.log Java Home :                        C:\Users\DELL\.jdks\openjdk-25.0.2
17-Mar-2026 09:46:53.323 INFO [main] org.apache.catalina.startup.VersionLoggerListener.log Version JVM :                      25.0.2+10-69
17-Mar-2026 09:46:53.324 INFO [main] org.apache.catalina.startup.VersionLoggerListener.log Fournisseur de la JVM :            Oracle Corporation
17-Mar-2026 09:46:53.324 INFO [main] org.apache.catalina.startup.VersionLoggerListener.log CATALINA_BASE :                    C:\Users\DELL\Desktop\gestion-locations
17-Mar-2026 09:46:53.324 INFO [main] org.apache.catalina.startup.VersionLoggerListener.log CATALINA_HOME :                    C:\apache-tomcat-9.0.115
17-Mar-2026 09:46:53.336 INFO [main] org.apache.catalina.startup.VersionLoggerListener.log Argument de la ligne de commande : --add-opens=java.base/java.lang=ALL-UNNAMED
17-Mar-2026 09:46:53.337 INFO [main] org.apache.catalina.startup.VersionLoggerListener.log Argument de la ligne de commande : --add-opens=java.base/java.io=ALL-UNNAMED
17-Mar-2026 09:46:53.337 INFO [main] org.apache.catalina.startup.VersionLoggerListener.log Argument de la ligne de commande : --add-opens=java.base/java.util=ALL-UNNAMED
17-Mar-2026 09:46:53.337 INFO [main] org.apache.catalina.startup.VersionLoggerListener.log Argument de la ligne de commande : --add-opens=java.base/java.util.concurrent=ALL-UNNAMED
17-Mar-2026 09:46:53.337 INFO [main] org.apache.catalina.startup.VersionLoggerListener.log Argument de la ligne de commande : --add-opens=java.rmi/sun.rmi.transport=ALL-UNNAMED
17-Mar-2026 09:46:53.337 INFO [main] org.apache.catalina.startup.VersionLoggerListener.log Argument de la ligne de commande : -Dcatalina.home=C:\apache-tomcat-9.0.115
17-Mar-2026 09:46:53.337 INFO [main] org.apache.catalina.startup.VersionLoggerListener.log Argument de la ligne de commande : -Dcatalina.base=C:\Users\DELL\Desktop\gestion-locations
17-Mar-2026 09:46:53.338 INFO [main] org.apache.catalina.startup.VersionLoggerListener.log Argument de la ligne de commande : -Djava.io.tmpdir=C:\Users\DELL\Desktop\gestion-locations\temp
17-Mar-2026 09:46:53.338 INFO [main] org.apache.catalina.startup.VersionLoggerListener.log Argument de la ligne de commande : -Djava.util.logging.config.file=C:\Users\DELL\Desktop\gestion-locations\conf\logging.properties
17-Mar-2026 09:46:53.338 INFO [main] org.apache.catalina.startup.VersionLoggerListener.log Argument de la ligne de commande : -Djava.util.logging.manager=org.apache.juli.ClassLoaderLogManager
17-Mar-2026 09:46:53.338 INFO [main] org.apache.catalina.startup.VersionLoggerListener.log Argument de la ligne de commande : -javaagent:C:\Program Files\JetBrains\IntelliJ IDEA 2025.3.3\lib\idea_rt.jar=50939
17-Mar-2026 09:46:53.339 INFO [main] org.apache.catalina.startup.VersionLoggerListener.log Argument de la ligne de commande : -Dfile.encoding=UTF-8
17-Mar-2026 09:46:53.339 INFO [main] org.apache.catalina.startup.VersionLoggerListener.log Argument de la ligne de commande : -Dsun.stdout.encoding=UTF-8
17-Mar-2026 09:46:53.339 INFO [main] org.apache.catalina.startup.VersionLoggerListener.log Argument de la ligne de commande : -Dsun.stderr.encoding=UTF-8
17-Mar-2026 09:46:53.384 INFO [main] org.apache.catalina.core.AprLifecycleListener.lifecycleEvent Chargement de la librairie Apache Tomcat Native [1.3.5] en utilisant APR version [1.7.6]
17-Mar-2026 09:46:53.384 INFO [main] org.apache.catalina.core.AprLifecycleListener.lifecycleEvent Fonctionnalités d'APR : IPv6 [true], sendfile [true], accept filters [false], random [true], UDS [true]
17-Mar-2026 09:46:53.384 INFO [main] org.apache.catalina.core.AprLifecycleListener.lifecycleEvent Configuration de APR/OpenSSL : useAprConnector [false], useOpenSSL [true]
17-Mar-2026 09:46:53.400 INFO [main] org.apache.catalina.core.AprLifecycleListener.initializeSSL OpenSSL a été initialisé avec succès [OpenSSL 3.0.18 30 Sep 2025]
17-Mar-2026 09:46:54.012 INFO [main] org.apache.coyote.AbstractProtocol.init Initialisation du gestionnaire de protocole ["http-nio-8080"]
17-Mar-2026 09:46:54.038 INFO [main] org.apache.catalina.startup.Catalina.load L'initialisation du serveur a pris [1233] millisecondes
17-Mar-2026 09:46:54.131 INFO [main] org.apache.catalina.core.StandardService.startInternal Démarrage du service [Catalina]
17-Mar-2026 09:46:54.131 INFO [main] org.apache.catalina.core.StandardEngine.startInternal Démarrage du moteur de Servlets : [Apache Tomcat/9.0.115]
17-Mar-2026 09:46:54.145 INFO [main] org.apache.catalina.startup.HostConfig.deployDescriptor Déploiement du descripteur de configuration [C:\Users\DELL\Desktop\gestion-locations\conf\Catalina\localhost\gestion-locations.xml]
17-Mar-2026 09:47:00.610 INFO [main] org.apache.jasper.servlet.TldScanner.scanJars Au moins un fichier JAR a été analysé pour trouver des TLDs mais il n'en contenait pas, le mode "debug" du journal peut être activé pour obtenir une liste complète de JAR scannés sans succès ; éviter d'analyser des JARs inutilement peut améliorer sensiblement le temps de démarrage et le temps de compilation des JSPs
17-Mar-2026 09:47:00.731 INFO [main] org.apache.catalina.startup.HostConfig.deployDescriptor Le traitement du descripteur de déploiement [C:\Users\DELL\Desktop\gestion-locations\conf\Catalina\localhost\gestion-locations.xml] a pris [6 578] ms
17-Mar-2026 09:47:00.737 INFO [main] org.apache.coyote.AbstractProtocol.start Démarrage du gestionnaire de protocole ["http-nio-8080"]
17-Mar-2026 09:47:00.783 INFO [main] org.apache.catalina.startup.Catalina.start Le démarrage du serveur a pris [6742] millisecondes
17-Mar-2026 11:06:27.600 INFO [Thread-1] org.apache.coyote.AbstractProtocol.pause Le gestionnaire de protocole ["http-nio-8080"] est mis en pause
17-Mar-2026 11:06:27.823 INFO [Thread-1] org.apache.catalina.core.StandardService.stopInternal Arrêt du service [Catalina]
17-Mar-2026 11:06:28.181 INFO [Thread-1] org.apache.coyote.AbstractProtocol.stop Arrêt du gestionnaire de protocole ["http-nio-8080"]
17-Mar-2026 11:06:28.207 INFO [Thread-1] org.apache.coyote.AbstractProtocol.destroy Destruction du gestionnaire de protocole ["http-nio-8080"]
17-Mar-2026 11:06:32.181 INFO [main] org.apache.catalina.startup.VersionLoggerListener.log Nom version serveur :              Apache Tomcat/9.0.115
17-Mar-2026 11:06:32.191 INFO [main] org.apache.catalina.startup.VersionLoggerListener.log Serveur compilé :                  Jan 21 2026 08:17:26 UTC
17-Mar-2026 11:06:32.192 INFO [main] org.apache.catalina.startup.VersionLoggerListener.log Version du serveur :               9.0.115.0
17-Mar-2026 11:06:32.192 INFO [main] org.apache.catalina.startup.VersionLoggerListener.log Nom de l'OS :                      Windows 11
17-Mar-2026 11:06:32.192 INFO [main] org.apache.catalina.startup.VersionLoggerListener.log Version OS :                       10.0
17-Mar-2026 11:06:32.193 INFO [main] org.apache.catalina.startup.VersionLoggerListener.log Architecture :                     amd64
17-Mar-2026 11:06:32.193 INFO [main] org.apache.catalina.startup.VersionLoggerListener.log Java Home :                        C:\Users\DELL\.jdks\openjdk-25.0.2
17-Mar-2026 11:06:32.193 INFO [main] org.apache.catalina.startup.VersionLoggerListener.log Version JVM :                      25.0.2+10-69
17-Mar-2026 11:06:32.194 INFO [main] org.apache.catalina.startup.VersionLoggerListener.log Fournisseur de la JVM :            Oracle Corporation
17-Mar-2026 11:06:32.194 INFO [main] org.apache.catalina.startup.VersionLoggerListener.log CATALINA_BASE :                    C:\Users\DELL\Desktop\gestion-locations
17-Mar-2026 11:06:32.194 INFO [main] org.apache.catalina.startup.VersionLoggerListener.log CATALINA_HOME :                    C:\apache-tomcat-9.0.115
17-Mar-2026 11:06:32.235 INFO [main] org.apache.catalina.startup.VersionLoggerListener.log Argument de la ligne de commande : --add-opens=java.base/java.lang=ALL-UNNAMED
17-Mar-2026 11:06:32.236 INFO [main] org.apache.catalina.startup.VersionLoggerListener.log Argument de la ligne de commande : --add-opens=java.base/java.io=ALL-UNNAMED
17-Mar-2026 11:06:32.236 INFO [main] org.apache.catalina.startup.VersionLoggerListener.log Argument de la ligne de commande : --add-opens=java.base/java.util=ALL-UNNAMED
17-Mar-2026 11:06:32.236 INFO [main] org.apache.catalina.startup.VersionLoggerListener.log Argument de la ligne de commande : --add-opens=java.base/java.util.concurrent=ALL-UNNAMED
17-Mar-2026 11:06:32.236 INFO [main] org.apache.catalina.startup.VersionLoggerListener.log Argument de la ligne de commande : --add-opens=java.rmi/sun.rmi.transport=ALL-UNNAMED
17-Mar-2026 11:06:32.236 INFO [main] org.apache.catalina.startup.VersionLoggerListener.log Argument de la ligne de commande : -Dcatalina.home=C:\apache-tomcat-9.0.115
17-Mar-2026 11:06:32.236 INFO [main] org.apache.catalina.startup.VersionLoggerListener.log Argument de la ligne de commande : -Dcatalina.base=C:\Users\DELL\Desktop\gestion-locations
17-Mar-2026 11:06:32.236 INFO [main] org.apache.catalina.startup.VersionLoggerListener.log Argument de la ligne de commande : -Djava.io.tmpdir=C:\Users\DELL\Desktop\gestion-locations\temp
17-Mar-2026 11:06:32.240 INFO [main] org.apache.catalina.startup.VersionLoggerListener.log Argument de la ligne de commande : -Djava.util.logging.config.file=C:\Users\DELL\Desktop\gestion-locations\conf\logging.properties
17-Mar-2026 11:06:32.240 INFO [main] org.apache.catalina.startup.VersionLoggerListener.log Argument de la ligne de commande : -Djava.util.logging.manager=org.apache.juli.ClassLoaderLogManager
17-Mar-2026 11:06:32.240 INFO [main] org.apache.catalina.startup.VersionLoggerListener.log Argument de la ligne de commande : -javaagent:C:\Program Files\JetBrains\IntelliJ IDEA 2025.3.3\lib\idea_rt.jar=57719
17-Mar-2026 11:06:32.241 INFO [main] org.apache.catalina.startup.VersionLoggerListener.log Argument de la ligne de commande : -Dfile.encoding=UTF-8
17-Mar-2026 11:06:32.241 INFO [main] org.apache.catalina.startup.VersionLoggerListener.log Argument de la ligne de commande : -Dsun.stdout.encoding=UTF-8
17-Mar-2026 11:06:32.241 INFO [main] org.apache.catalina.startup.VersionLoggerListener.log Argument de la ligne de commande : -Dsun.stderr.encoding=UTF-8
17-Mar-2026 11:06:32.264 INFO [main] org.apache.catalina.core.AprLifecycleListener.lifecycleEvent Chargement de la librairie Apache Tomcat Native [1.3.5] en utilisant APR version [1.7.6]
17-Mar-2026 11:06:32.264 INFO [main] org.apache.catalina.core.AprLifecycleListener.lifecycleEvent Fonctionnalités d'APR : IPv6 [true], sendfile [true], accept filters [false], random [true], UDS [true]
17-Mar-2026 11:06:32.264 INFO [main] org.apache.catalina.core.AprLifecycleListener.lifecycleEvent Configuration de APR/OpenSSL : useAprConnector [false], useOpenSSL [true]
17-Mar-2026 11:06:32.385 INFO [main] org.apache.catalina.core.AprLifecycleListener.initializeSSL OpenSSL a été initialisé avec succès [OpenSSL 3.0.18 30 Sep 2025]
17-Mar-2026 11:06:34.614 INFO [main] org.apache.coyote.AbstractProtocol.init Initialisation du gestionnaire de protocole ["http-nio-8080"]
17-Mar-2026 11:06:34.963 INFO [main] org.apache.catalina.startup.Catalina.load L'initialisation du serveur a pris [3956] millisecondes
17-Mar-2026 11:06:35.160 INFO [main] org.apache.catalina.core.StandardService.startInternal Démarrage du service [Catalina]
17-Mar-2026 11:06:35.162 INFO [main] org.apache.catalina.core.StandardEngine.startInternal Démarrage du moteur de Servlets : [Apache Tomcat/9.0.115]
17-Mar-2026 11:06:35.194 INFO [main] org.apache.catalina.startup.HostConfig.deployDescriptor Déploiement du descripteur de configuration [C:\Users\DELL\Desktop\gestion-locations\conf\Catalina\localhost\gestion-locations.xml]
17-Mar-2026 11:06:41.781 INFO [main] org.apache.jasper.servlet.TldScanner.scanJars Au moins un fichier JAR a été analysé pour trouver des TLDs mais il n'en contenait pas, le mode "debug" du journal peut être activé pour obtenir une liste complète de JAR scannés sans succès ; éviter d'analyser des JARs inutilement peut améliorer sensiblement le temps de démarrage et le temps de compilation des JSPs
17-Mar-2026 11:06:41.983 INFO [main] org.apache.catalina.startup.HostConfig.deployDescriptor Le traitement du descripteur de déploiement [C:\Users\DELL\Desktop\gestion-locations\conf\Catalina\localhost\gestion-locations.xml] a pris [6 771] ms
17-Mar-2026 11:06:41.996 INFO [main] org.apache.coyote.AbstractProtocol.start Démarrage du gestionnaire de protocole ["http-nio-8080"]
17-Mar-2026 11:06:42.085 INFO [main] org.apache.catalina.startup.Catalina.start Le démarrage du serveur a pris [7107] millisecondes
17-Mar-2026 11:28:49.226 INFO [Thread-1] org.apache.coyote.AbstractProtocol.pause Le gestionnaire de protocole ["http-nio-8080"] est mis en pause
17-Mar-2026 11:28:49.307 INFO [Thread-1] org.apache.catalina.core.StandardService.stopInternal Arrêt du service [Catalina]
17-Mar-2026 11:28:49.395 INFO [Thread-1] org.apache.coyote.AbstractProtocol.stop Arrêt du gestionnaire de protocole ["http-nio-8080"]
17-Mar-2026 11:28:49.419 INFO [Thread-1] org.apache.coyote.AbstractProtocol.destroy Destruction du gestionnaire de protocole ["http-nio-8080"]
17-Mar-2026 11:28:52.009 INFO [main] org.apache.catalina.startup.VersionLoggerListener.log Nom version serveur :              Apache Tomcat/9.0.115
17-Mar-2026 11:28:52.016 INFO [main] org.apache.catalina.startup.VersionLoggerListener.log Serveur compilé :                  Jan 21 2026 08:17:26 UTC
17-Mar-2026 11:28:52.017 INFO [main] org.apache.catalina.startup.VersionLoggerListener.log Version du serveur :               9.0.115.0
17-Mar-2026 11:28:52.017 INFO [main] org.apache.catalina.startup.VersionLoggerListener.log Nom de l'OS :                      Windows 11
17-Mar-2026 11:28:52.018 INFO [main] org.apache.catalina.startup.VersionLoggerListener.log Version OS :                       10.0
17-Mar-2026 11:28:52.018 INFO [main] org.apache.catalina.startup.VersionLoggerListener.log Architecture :                     amd64
17-Mar-2026 11:28:52.018 INFO [main] org.apache.catalina.startup.VersionLoggerListener.log Java Home :                        C:\Users\DELL\.jdks\openjdk-25.0.2
17-Mar-2026 11:28:52.018 INFO [main] org.apache.catalina.startup.VersionLoggerListener.log Version JVM :                      25.0.2+10-69
17-Mar-2026 11:28:52.020 INFO [main] org.apache.catalina.startup.VersionLoggerListener.log Fournisseur de la JVM :            Oracle Corporation
17-Mar-2026 11:28:52.021 INFO [main] org.apache.catalina.startup.VersionLoggerListener.log CATALINA_BASE :                    C:\Users\DELL\Desktop\gestion-locations
17-Mar-2026 11:28:52.023 INFO [main] org.apache.catalina.startup.VersionLoggerListener.log CATALINA_HOME :                    C:\apache-tomcat-9.0.115
17-Mar-2026 11:28:52.042 INFO [main] org.apache.catalina.startup.VersionLoggerListener.log Argument de la ligne de commande : --add-opens=java.base/java.lang=ALL-UNNAMED
17-Mar-2026 11:28:52.043 INFO [main] org.apache.catalina.startup.VersionLoggerListener.log Argument de la ligne de commande : --add-opens=java.base/java.io=ALL-UNNAMED
17-Mar-2026 11:28:52.043 INFO [main] org.apache.catalina.startup.VersionLoggerListener.log Argument de la ligne de commande : --add-opens=java.base/java.util=ALL-UNNAMED
17-Mar-2026 11:28:52.043 INFO [main] org.apache.catalina.startup.VersionLoggerListener.log Argument de la ligne de commande : --add-opens=java.base/java.util.concurrent=ALL-UNNAMED
17-Mar-2026 11:28:52.044 INFO [main] org.apache.catalina.startup.VersionLoggerListener.log Argument de la ligne de commande : --add-opens=java.rmi/sun.rmi.transport=ALL-UNNAMED
17-Mar-2026 11:28:52.044 INFO [main] org.apache.catalina.startup.VersionLoggerListener.log Argument de la ligne de commande : -Dcatalina.home=C:\apache-tomcat-9.0.115
17-Mar-2026 11:28:52.044 INFO [main] org.apache.catalina.startup.VersionLoggerListener.log Argument de la ligne de commande : -Dcatalina.base=C:\Users\DELL\Desktop\gestion-locations
17-Mar-2026 11:28:52.044 INFO [main] org.apache.catalina.startup.VersionLoggerListener.log Argument de la ligne de commande : -Djava.io.tmpdir=C:\Users\DELL\Desktop\gestion-locations\temp
17-Mar-2026 11:28:52.045 INFO [main] org.apache.catalina.startup.VersionLoggerListener.log Argument de la ligne de commande : -Djava.util.logging.config.file=C:\Users\DELL\Desktop\gestion-locations\conf\logging.properties
17-Mar-2026 11:28:52.045 INFO [main] org.apache.catalina.startup.VersionLoggerListener.log Argument de la ligne de commande : -Djava.util.logging.manager=org.apache.juli.ClassLoaderLogManager
17-Mar-2026 11:28:52.045 INFO [main] org.apache.catalina.startup.VersionLoggerListener.log Argument de la ligne de commande : -javaagent:C:\Program Files\JetBrains\IntelliJ IDEA 2025.3.3\lib\idea_rt.jar=49672
17-Mar-2026 11:28:52.045 INFO [main] org.apache.catalina.startup.VersionLoggerListener.log Argument de la ligne de commande : -Dfile.encoding=UTF-8
17-Mar-2026 11:28:52.046 INFO [main] org.apache.catalina.startup.VersionLoggerListener.log Argument de la ligne de commande : -Dsun.stdout.encoding=UTF-8
17-Mar-2026 11:28:52.046 INFO [main] org.apache.catalina.startup.VersionLoggerListener.log Argument de la ligne de commande : -Dsun.stderr.encoding=UTF-8
17-Mar-2026 11:28:52.059 INFO [main] org.apache.catalina.core.AprLifecycleListener.lifecycleEvent Chargement de la librairie Apache Tomcat Native [1.3.5] en utilisant APR version [1.7.6]
17-Mar-2026 11:28:52.060 INFO [main] org.apache.catalina.core.AprLifecycleListener.lifecycleEvent Fonctionnalités d'APR : IPv6 [true], sendfile [true], accept filters [false], random [true], UDS [true]
17-Mar-2026 11:28:52.060 INFO [main] org.apache.catalina.core.AprLifecycleListener.lifecycleEvent Configuration de APR/OpenSSL : useAprConnector [false], useOpenSSL [true]
17-Mar-2026 11:28:52.089 INFO [main] org.apache.catalina.core.AprLifecycleListener.initializeSSL OpenSSL a été initialisé avec succès [OpenSSL 3.0.18 30 Sep 2025]
17-Mar-2026 11:28:53.244 INFO [main] org.apache.coyote.AbstractProtocol.init Initialisation du gestionnaire de protocole ["http-nio-8080"]
17-Mar-2026 11:28:53.281 INFO [main] org.apache.catalina.startup.Catalina.load L'initialisation du serveur a pris [2202] millisecondes
17-Mar-2026 11:28:53.372 INFO [main] org.apache.catalina.core.StandardService.startInternal Démarrage du service [Catalina]
17-Mar-2026 11:28:53.372 INFO [main] org.apache.catalina.core.StandardEngine.startInternal Démarrage du moteur de Servlets : [Apache Tomcat/9.0.115]
17-Mar-2026 11:28:53.391 INFO [main] org.apache.catalina.startup.HostConfig.deployDescriptor Déploiement du descripteur de configuration [C:\Users\DELL\Desktop\gestion-locations\conf\Catalina\localhost\gestion-locations.xml]
17-Mar-2026 11:28:58.417 INFO [main] org.apache.jasper.servlet.TldScanner.scanJars Au moins un fichier JAR a été analysé pour trouver des TLDs mais il n'en contenait pas, le mode "debug" du journal peut être activé pour obtenir une liste complète de JAR scannés sans succès ; éviter d'analyser des JARs inutilement peut améliorer sensiblement le temps de démarrage et le temps de compilation des JSPs
17-Mar-2026 11:28:58.535 INFO [main] org.apache.catalina.startup.HostConfig.deployDescriptor Le traitement du descripteur de déploiement [C:\Users\DELL\Desktop\gestion-locations\conf\Catalina\localhost\gestion-locations.xml] a pris [5 137] ms
17-Mar-2026 11:28:58.541 INFO [main] org.apache.coyote.AbstractProtocol.start Démarrage du gestionnaire de protocole ["http-nio-8080"]
17-Mar-2026 11:28:58.591 INFO [main] org.apache.catalina.startup.Catalina.start Le démarrage du serveur a pris [5307] millisecondes
17-Mar-2026 11:40:05.582 INFO [Thread-1] org.apache.coyote.AbstractProtocol.pause Le gestionnaire de protocole ["http-nio-8080"] est mis en pause
17-Mar-2026 11:40:05.767 INFO [Thread-1] org.apache.catalina.core.StandardService.stopInternal Arrêt du service [Catalina]
17-Mar-2026 11:40:06.075 INFO [Thread-1] org.apache.coyote.AbstractProtocol.stop Arrêt du gestionnaire de protocole ["http-nio-8080"]
17-Mar-2026 11:40:06.105 INFO [Thread-1] org.apache.coyote.AbstractProtocol.destroy Destruction du gestionnaire de protocole ["http-nio-8080"]
17-Mar-2026 11:40:08.745 INFO [main] org.apache.catalina.startup.VersionLoggerListener.log Nom version serveur :              Apache Tomcat/9.0.115
17-Mar-2026 11:40:08.754 INFO [main] org.apache.catalina.startup.VersionLoggerListener.log Serveur compilé :                  Jan 21 2026 08:17:26 UTC
17-Mar-2026 11:40:08.754 INFO [main] org.apache.catalina.startup.VersionLoggerListener.log Version du serveur :               9.0.115.0
17-Mar-2026 11:40:08.755 INFO [main] org.apache.catalina.startup.VersionLoggerListener.log Nom de l'OS :                      Windows 11
17-Mar-2026 11:40:08.755 INFO [main] org.apache.catalina.startup.VersionLoggerListener.log Version OS :                       10.0
17-Mar-2026 11:40:08.755 INFO [main] org.apache.catalina.startup.VersionLoggerListener.log Architecture :                     amd64
17-Mar-2026 11:40:08.757 INFO [main] org.apache.catalina.startup.VersionLoggerListener.log Java Home :                        C:\Users\DELL\.jdks\openjdk-25.0.2
17-Mar-2026 11:40:08.757 INFO [main] org.apache.catalina.startup.VersionLoggerListener.log Version JVM :                      25.0.2+10-69
17-Mar-2026 11:40:08.757 INFO [main] org.apache.catalina.startup.VersionLoggerListener.log Fournisseur de la JVM :            Oracle Corporation
17-Mar-2026 11:40:08.757 INFO [main] org.apache.catalina.startup.VersionLoggerListener.log CATALINA_BASE :                    C:\Users\DELL\Desktop\gestion-locations
17-Mar-2026 11:40:08.758 INFO [main] org.apache.catalina.startup.VersionLoggerListener.log CATALINA_HOME :                    C:\apache-tomcat-9.0.115
17-Mar-2026 11:40:08.790 INFO [main] org.apache.catalina.startup.VersionLoggerListener.log Argument de la ligne de commande : --add-opens=java.base/java.lang=ALL-UNNAMED
17-Mar-2026 11:40:08.790 INFO [main] org.apache.catalina.startup.VersionLoggerListener.log Argument de la ligne de commande : --add-opens=java.base/java.io=ALL-UNNAMED
17-Mar-2026 11:40:08.790 INFO [main] org.apache.catalina.startup.VersionLoggerListener.log Argument de la ligne de commande : --add-opens=java.base/java.util=ALL-UNNAMED
17-Mar-2026 11:40:08.790 INFO [main] org.apache.catalina.startup.VersionLoggerListener.log Argument de la ligne de commande : --add-opens=java.base/java.util.concurrent=ALL-UNNAMED
17-Mar-2026 11:40:08.791 INFO [main] org.apache.catalina.startup.VersionLoggerListener.log Argument de la ligne de commande : --add-opens=java.rmi/sun.rmi.transport=ALL-UNNAMED
17-Mar-2026 11:40:08.791 INFO [main] org.apache.catalina.startup.VersionLoggerListener.log Argument de la ligne de commande : -Dcatalina.home=C:\apache-tomcat-9.0.115
17-Mar-2026 11:40:08.791 INFO [main] org.apache.catalina.startup.VersionLoggerListener.log Argument de la ligne de commande : -Dcatalina.base=C:\Users\DELL\Desktop\gestion-locations
17-Mar-2026 11:40:08.791 INFO [main] org.apache.catalina.startup.VersionLoggerListener.log Argument de la ligne de commande : -Djava.io.tmpdir=C:\Users\DELL\Desktop\gestion-locations\temp
17-Mar-2026 11:40:08.792 INFO [main] org.apache.catalina.startup.VersionLoggerListener.log Argument de la ligne de commande : -Djava.util.logging.config.file=C:\Users\DELL\Desktop\gestion-locations\conf\logging.properties
17-Mar-2026 11:40:08.792 INFO [main] org.apache.catalina.startup.VersionLoggerListener.log Argument de la ligne de commande : -Djava.util.logging.manager=org.apache.juli.ClassLoaderLogManager
17-Mar-2026 11:40:08.792 INFO [main] org.apache.catalina.startup.VersionLoggerListener.log Argument de la ligne de commande : -javaagent:C:\Program Files\JetBrains\IntelliJ IDEA 2025.3.3\lib\idea_rt.jar=54551
17-Mar-2026 11:40:08.792 INFO [main] org.apache.catalina.startup.VersionLoggerListener.log Argument de la ligne de commande : -Dfile.encoding=UTF-8
17-Mar-2026 11:40:08.793 INFO [main] org.apache.catalina.startup.VersionLoggerListener.log Argument de la ligne de commande : -Dsun.stdout.encoding=UTF-8
17-Mar-2026 11:40:08.793 INFO [main] org.apache.catalina.startup.VersionLoggerListener.log Argument de la ligne de commande : -Dsun.stderr.encoding=UTF-8
17-Mar-2026 11:40:08.816 INFO [main] org.apache.catalina.core.AprLifecycleListener.lifecycleEvent Chargement de la librairie Apache Tomcat Native [1.3.5] en utilisant APR version [1.7.6]
17-Mar-2026 11:40:08.817 INFO [main] org.apache.catalina.core.AprLifecycleListener.lifecycleEvent Fonctionnalités d'APR : IPv6 [true], sendfile [true], accept filters [false], random [true], UDS [true]
17-Mar-2026 11:40:08.817 INFO [main] org.apache.catalina.core.AprLifecycleListener.lifecycleEvent Configuration de APR/OpenSSL : useAprConnector [false], useOpenSSL [true]
17-Mar-2026 11:40:08.862 INFO [main] org.apache.catalina.core.AprLifecycleListener.initializeSSL OpenSSL a été initialisé avec succès [OpenSSL 3.0.18 30 Sep 2025]
17-Mar-2026 11:40:09.707 INFO [main] org.apache.coyote.AbstractProtocol.init Initialisation du gestionnaire de protocole ["http-nio-8080"]
17-Mar-2026 11:40:09.745 INFO [main] org.apache.catalina.startup.Catalina.load L'initialisation du serveur a pris [1801] millisecondes
17-Mar-2026 11:40:09.862 INFO [main] org.apache.catalina.core.StandardService.startInternal Démarrage du service [Catalina]
17-Mar-2026 11:40:09.862 INFO [main] org.apache.catalina.core.StandardEngine.startInternal Démarrage du moteur de Servlets : [Apache Tomcat/9.0.115]
17-Mar-2026 11:40:09.887 INFO [main] org.apache.catalina.startup.HostConfig.deployDescriptor Déploiement du descripteur de configuration [C:\Users\DELL\Desktop\gestion-locations\conf\Catalina\localhost\gestion-locations.xml]
17-Mar-2026 11:40:14.009 INFO [main] org.apache.jasper.servlet.TldScanner.scanJars Au moins un fichier JAR a été analysé pour trouver des TLDs mais il n'en contenait pas, le mode "debug" du journal peut être activé pour obtenir une liste complète de JAR scannés sans succès ; éviter d'analyser des JARs inutilement peut améliorer sensiblement le temps de démarrage et le temps de compilation des JSPs
17-Mar-2026 11:40:14.163 INFO [main] org.apache.catalina.startup.HostConfig.deployDescriptor Le traitement du descripteur de déploiement [C:\Users\DELL\Desktop\gestion-locations\conf\Catalina\localhost\gestion-locations.xml] a pris [4 267] ms
17-Mar-2026 11:40:14.170 INFO [main] org.apache.coyote.AbstractProtocol.start Démarrage du gestionnaire de protocole ["http-nio-8080"]
17-Mar-2026 11:40:14.216 INFO [main] org.apache.catalina.startup.Catalina.start Le démarrage du serveur a pris [4468] millisecondes
17-Mar-2026 11:41:32.531 INFO [Thread-1] org.apache.coyote.AbstractProtocol.pause Le gestionnaire de protocole ["http-nio-8080"] est mis en pause
17-Mar-2026 11:41:32.571 INFO [Thread-1] org.apache.catalina.core.StandardService.stopInternal Arrêt du service [Catalina]
17-Mar-2026 11:41:32.586 INFO [Thread-1] org.apache.coyote.AbstractProtocol.stop Arrêt du gestionnaire de protocole ["http-nio-8080"]
17-Mar-2026 11:41:32.596 INFO [Thread-1] org.apache.coyote.AbstractProtocol.destroy Destruction du gestionnaire de protocole ["http-nio-8080"]
