16-Mar-2026 10:34:47.084 INFO [Thread-1] org.apache.coyote.AbstractProtocol.pause Le gestionnaire de protocole ["http-nio-8080"] est mis en pause
16-Mar-2026 10:34:47.284 INFO [Thread-1] org.apache.catalina.core.StandardService.stopInternal Arrêt du service [Catalina]
16-Mar-2026 10:34:47.633 INFO [Thread-1] org.apache.coyote.AbstractProtocol.stop Arrêt du gestionnaire de protocole ["http-nio-8080"]
16-Mar-2026 10:34:47.661 INFO [Thread-1] org.apache.coyote.AbstractProtocol.destroy Destruction du gestionnaire de protocole ["http-nio-8080"]
16-Mar-2026 10:34:58.923 INFO [main] org.apache.catalina.startup.VersionLoggerListener.log Nom version serveur :              Apache Tomcat/9.0.115
16-Mar-2026 10:34:58.928 INFO [main] org.apache.catalina.startup.VersionLoggerListener.log Serveur compilé :                  Jan 21 2026 08:17:26 UTC
16-Mar-2026 10:34:58.929 INFO [main] org.apache.catalina.startup.VersionLoggerListener.log Version du serveur :               9.0.115.0
16-Mar-2026 10:34:58.929 INFO [main] org.apache.catalina.startup.VersionLoggerListener.log Nom de l'OS :                      Windows 11
16-Mar-2026 10:34:58.929 INFO [main] org.apache.catalina.startup.VersionLoggerListener.log Version OS :                       10.0
16-Mar-2026 10:34:58.929 INFO [main] org.apache.catalina.startup.VersionLoggerListener.log Architecture :                     amd64
16-Mar-2026 10:34:58.929 INFO [main] org.apache.catalina.startup.VersionLoggerListener.log Java Home :                        C:\Users\DELL\.jdks\openjdk-25.0.2
16-Mar-2026 10:34:58.929 INFO [main] org.apache.catalina.startup.VersionLoggerListener.log Version JVM :                      25.0.2+10-69
16-Mar-2026 10:34:58.929 INFO [main] org.apache.catalina.startup.VersionLoggerListener.log Fournisseur de la JVM :            Oracle Corporation
16-Mar-2026 10:34:58.929 INFO [main] org.apache.catalina.startup.VersionLoggerListener.log CATALINA_BASE :                    C:\Users\DELL\Desktop\gestion-locations
16-Mar-2026 10:34:58.929 INFO [main] org.apache.catalina.startup.VersionLoggerListener.log CATALINA_HOME :                    C:\apache-tomcat-9.0.115
16-Mar-2026 10:34:58.955 INFO [main] org.apache.catalina.startup.VersionLoggerListener.log Argument de la ligne de commande : --add-opens=java.base/java.lang=ALL-UNNAMED
16-Mar-2026 10:34:58.955 INFO [main] org.apache.catalina.startup.VersionLoggerListener.log Argument de la ligne de commande : --add-opens=java.base/java.io=ALL-UNNAMED
16-Mar-2026 10:34:58.956 INFO [main] org.apache.catalina.startup.VersionLoggerListener.log Argument de la ligne de commande : --add-opens=java.base/java.util=ALL-UNNAMED
16-Mar-2026 10:34:58.956 INFO [main] org.apache.catalina.startup.VersionLoggerListener.log Argument de la ligne de commande : --add-opens=java.base/java.util.concurrent=ALL-UNNAMED
16-Mar-2026 10:34:58.956 INFO [main] org.apache.catalina.startup.VersionLoggerListener.log Argument de la ligne de commande : --add-opens=java.rmi/sun.rmi.transport=ALL-UNNAMED
16-Mar-2026 10:34:58.956 INFO [main] org.apache.catalina.startup.VersionLoggerListener.log Argument de la ligne de commande : -Dcatalina.home=C:\apache-tomcat-9.0.115
16-Mar-2026 10:34:58.956 INFO [main] org.apache.catalina.startup.VersionLoggerListener.log Argument de la ligne de commande : -Dcatalina.base=C:\Users\DELL\Desktop\gestion-locations
16-Mar-2026 10:34:58.956 INFO [main] org.apache.catalina.startup.VersionLoggerListener.log Argument de la ligne de commande : -Djava.io.tmpdir=C:\Users\DELL\Desktop\gestion-locations\temp
16-Mar-2026 10:34:58.957 INFO [main] org.apache.catalina.startup.VersionLoggerListener.log Argument de la ligne de commande : -Djava.util.logging.config.file=C:\Users\DELL\Desktop\gestion-locations\conf\logging.properties
16-Mar-2026 10:34:58.957 INFO [main] org.apache.catalina.startup.VersionLoggerListener.log Argument de la ligne de commande : -Djava.util.logging.manager=org.apache.juli.ClassLoaderLogManager
16-Mar-2026 10:34:58.957 INFO [main] org.apache.catalina.startup.VersionLoggerListener.log Argument de la ligne de commande : -javaagent:C:\Program Files\JetBrains\IntelliJ IDEA 2025.3.3\lib\idea_rt.jar=57602
16-Mar-2026 10:34:58.957 INFO [main] org.apache.catalina.startup.VersionLoggerListener.log Argument de la ligne de commande : -Dfile.encoding=UTF-8
16-Mar-2026 10:34:58.957 INFO [main] org.apache.catalina.startup.VersionLoggerListener.log Argument de la ligne de commande : -Dsun.stdout.encoding=UTF-8
16-Mar-2026 10:34:58.957 INFO [main] org.apache.catalina.startup.VersionLoggerListener.log Argument de la ligne de commande : -Dsun.stderr.encoding=UTF-8
16-Mar-2026 10:35:00.380 INFO [main] org.apache.catalina.core.AprLifecycleListener.lifecycleEvent Chargement de la librairie Apache Tomcat Native [1.3.5] en utilisant APR version [1.7.6]
16-Mar-2026 10:35:00.380 INFO [main] org.apache.catalina.core.AprLifecycleListener.lifecycleEvent Fonctionnalités d'APR : IPv6 [true], sendfile [true], accept filters [false], random [true], UDS [true]
16-Mar-2026 10:35:00.380 INFO [main] org.apache.catalina.core.AprLifecycleListener.lifecycleEvent Configuration de APR/OpenSSL : useAprConnector [false], useOpenSSL [true]
16-Mar-2026 10:35:00.398 INFO [main] org.apache.catalina.core.AprLifecycleListener.initializeSSL OpenSSL a été initialisé avec succès [OpenSSL 3.0.18 30 Sep 2025]
16-Mar-2026 10:35:01.118 INFO [main] org.apache.coyote.AbstractProtocol.init Initialisation du gestionnaire de protocole ["http-nio-8080"]
16-Mar-2026 10:35:01.149 INFO [main] org.apache.catalina.startup.Catalina.load L'initialisation du serveur a pris [2774] millisecondes
16-Mar-2026 10:35:01.229 INFO [main] org.apache.catalina.core.StandardService.startInternal Démarrage du service [Catalina]
16-Mar-2026 10:35:01.229 INFO [main] org.apache.catalina.core.StandardEngine.startInternal Démarrage du moteur de Servlets : [Apache Tomcat/9.0.115]
16-Mar-2026 10:35:01.252 INFO [main] org.apache.catalina.startup.HostConfig.deployDescriptor Déploiement du descripteur de configuration [C:\Users\DELL\Desktop\gestion-locations\conf\Catalina\localhost\gestion-locations.xml]
16-Mar-2026 10:35:10.247 INFO [main] org.apache.jasper.servlet.TldScanner.scanJars Au moins un fichier JAR a été analysé pour trouver des TLDs mais il n'en contenait pas, le mode "debug" du journal peut être activé pour obtenir une liste complète de JAR scannés sans succès ; éviter d'analyser des JARs inutilement peut améliorer sensiblement le temps de démarrage et le temps de compilation des JSPs
16-Mar-2026 10:35:10.427 INFO [main] org.apache.catalina.startup.HostConfig.deployDescriptor Le traitement du descripteur de déploiement [C:\Users\DELL\Desktop\gestion-locations\conf\Catalina\localhost\gestion-locations.xml] a pris [9 165] ms
16-Mar-2026 10:35:10.436 INFO [main] org.apache.coyote.AbstractProtocol.start Démarrage du gestionnaire de protocole ["http-nio-8080"]
16-Mar-2026 10:35:10.517 INFO [main] org.apache.catalina.startup.Catalina.start Le démarrage du serveur a pris [9365] millisecondes
16-Mar-2026 10:48:20.277 INFO [Thread-1] org.apache.coyote.AbstractProtocol.pause Le gestionnaire de protocole ["http-nio-8080"] est mis en pause
16-Mar-2026 10:48:20.537 INFO [Thread-1] org.apache.catalina.core.StandardService.stopInternal Arrêt du service [Catalina]
16-Mar-2026 10:48:20.848 INFO [Thread-1] org.apache.coyote.AbstractProtocol.stop Arrêt du gestionnaire de protocole ["http-nio-8080"]
16-Mar-2026 10:48:20.880 INFO [Thread-1] org.apache.coyote.AbstractProtocol.destroy Destruction du gestionnaire de protocole ["http-nio-8080"]
16-Mar-2026 10:51:53.945 INFO [main] org.apache.catalina.startup.VersionLoggerListener.log Nom version serveur :              Apache Tomcat/9.0.115
16-Mar-2026 10:51:53.987 INFO [main] org.apache.catalina.startup.VersionLoggerListener.log Serveur compilé :                  Jan 21 2026 08:17:26 UTC
16-Mar-2026 10:51:53.987 INFO [main] org.apache.catalina.startup.VersionLoggerListener.log Version du serveur :               9.0.115.0
16-Mar-2026 10:51:53.988 INFO [main] org.apache.catalina.startup.VersionLoggerListener.log Nom de l'OS :                      Windows 11
16-Mar-2026 10:51:53.988 INFO [main] org.apache.catalina.startup.VersionLoggerListener.log Version OS :                       10.0
16-Mar-2026 10:51:53.990 INFO [main] org.apache.catalina.startup.VersionLoggerListener.log Architecture :                     amd64
16-Mar-2026 10:51:53.992 INFO [main] org.apache.catalina.startup.VersionLoggerListener.log Java Home :                        C:\Users\DELL\.jdks\openjdk-25.0.2
16-Mar-2026 10:51:53.992 INFO [main] org.apache.catalina.startup.VersionLoggerListener.log Version JVM :                      25.0.2+10-69
16-Mar-2026 10:51:53.992 INFO [main] org.apache.catalina.startup.VersionLoggerListener.log Fournisseur de la JVM :            Oracle Corporation
16-Mar-2026 10:51:53.995 INFO [main] org.apache.catalina.startup.VersionLoggerListener.log CATALINA_BASE :                    C:\Users\DELL\Desktop\gestion-locations
16-Mar-2026 10:51:53.996 INFO [main] org.apache.catalina.startup.VersionLoggerListener.log CATALINA_HOME :                    C:\apache-tomcat-9.0.115
16-Mar-2026 10:51:54.111 INFO [main] org.apache.catalina.startup.VersionLoggerListener.log Argument de la ligne de commande : --add-opens=java.base/java.lang=ALL-UNNAMED
16-Mar-2026 10:51:54.112 INFO [main] org.apache.catalina.startup.VersionLoggerListener.log Argument de la ligne de commande : --add-opens=java.base/java.io=ALL-UNNAMED
16-Mar-2026 10:51:54.113 INFO [main] org.apache.catalina.startup.VersionLoggerListener.log Argument de la ligne de commande : --add-opens=java.base/java.util=ALL-UNNAMED
16-Mar-2026 10:51:54.113 INFO [main] org.apache.catalina.startup.VersionLoggerListener.log Argument de la ligne de commande : --add-opens=java.base/java.util.concurrent=ALL-UNNAMED
16-Mar-2026 10:51:54.113 INFO [main] org.apache.catalina.startup.VersionLoggerListener.log Argument de la ligne de commande : --add-opens=java.rmi/sun.rmi.transport=ALL-UNNAMED
16-Mar-2026 10:51:54.113 INFO [main] org.apache.catalina.startup.VersionLoggerListener.log Argument de la ligne de commande : -Dcatalina.home=C:\apache-tomcat-9.0.115
16-Mar-2026 10:51:54.114 INFO [main] org.apache.catalina.startup.VersionLoggerListener.log Argument de la ligne de commande : -Dcatalina.base=C:\Users\DELL\Desktop\gestion-locations
16-Mar-2026 10:51:54.114 INFO [main] org.apache.catalina.startup.VersionLoggerListener.log Argument de la ligne de commande : -Djava.io.tmpdir=C:\Users\DELL\Desktop\gestion-locations\temp
16-Mar-2026 10:51:54.114 INFO [main] org.apache.catalina.startup.VersionLoggerListener.log Argument de la ligne de commande : -Djava.util.logging.config.file=C:\Users\DELL\Desktop\gestion-locations\conf\logging.properties
16-Mar-2026 10:51:54.116 INFO [main] org.apache.catalina.startup.VersionLoggerListener.log Argument de la ligne de commande : -Djava.util.logging.manager=org.apache.juli.ClassLoaderLogManager
16-Mar-2026 10:51:54.116 INFO [main] org.apache.catalina.startup.VersionLoggerListener.log Argument de la ligne de commande : -javaagent:C:\Program Files\JetBrains\IntelliJ IDEA 2025.3.3\lib\idea_rt.jar=62837
16-Mar-2026 10:51:54.116 INFO [main] org.apache.catalina.startup.VersionLoggerListener.log Argument de la ligne de commande : -Dfile.encoding=UTF-8
16-Mar-2026 10:51:54.117 INFO [main] org.apache.catalina.startup.VersionLoggerListener.log Argument de la ligne de commande : -Dsun.stdout.encoding=UTF-8
16-Mar-2026 10:51:54.119 INFO [main] org.apache.catalina.startup.VersionLoggerListener.log Argument de la ligne de commande : -Dsun.stderr.encoding=UTF-8
16-Mar-2026 10:51:54.209 INFO [main] org.apache.catalina.core.AprLifecycleListener.lifecycleEvent Chargement de la librairie Apache Tomcat Native [1.3.5] en utilisant APR version [1.7.6]
16-Mar-2026 10:51:54.210 INFO [main] org.apache.catalina.core.AprLifecycleListener.lifecycleEvent Fonctionnalités d'APR : IPv6 [true], sendfile [true], accept filters [false], random [true], UDS [true]
16-Mar-2026 10:51:54.210 INFO [main] org.apache.catalina.core.AprLifecycleListener.lifecycleEvent Configuration de APR/OpenSSL : useAprConnector [false], useOpenSSL [true]
16-Mar-2026 10:51:54.274 INFO [main] org.apache.catalina.core.AprLifecycleListener.initializeSSL OpenSSL a été initialisé avec succès [OpenSSL 3.0.18 30 Sep 2025]
16-Mar-2026 10:51:55.737 INFO [main] org.apache.coyote.AbstractProtocol.init Initialisation du gestionnaire de protocole ["http-nio-8080"]
16-Mar-2026 10:51:55.794 INFO [main] org.apache.catalina.startup.Catalina.load L'initialisation du serveur a pris [3285] millisecondes
16-Mar-2026 10:51:55.926 INFO [main] org.apache.catalina.core.StandardService.startInternal Démarrage du service [Catalina]
16-Mar-2026 10:51:55.928 INFO [main] org.apache.catalina.core.StandardEngine.startInternal Démarrage du moteur de Servlets : [Apache Tomcat/9.0.115]
16-Mar-2026 10:51:55.973 INFO [main] org.apache.catalina.startup.HostConfig.deployDescriptor Déploiement du descripteur de configuration [C:\Users\DELL\Desktop\gestion-locations\conf\Catalina\localhost\gestion-locations.xml]
16-Mar-2026 10:52:12.717 INFO [main] org.apache.jasper.servlet.TldScanner.scanJars Au moins un fichier JAR a été analysé pour trouver des TLDs mais il n'en contenait pas, le mode "debug" du journal peut être activé pour obtenir une liste complète de JAR scannés sans succès ; éviter d'analyser des JARs inutilement peut améliorer sensiblement le temps de démarrage et le temps de compilation des JSPs
16-Mar-2026 10:52:13.209 INFO [main] org.apache.catalina.startup.HostConfig.deployDescriptor Le traitement du descripteur de déploiement [C:\Users\DELL\Desktop\gestion-locations\conf\Catalina\localhost\gestion-locations.xml] a pris [17 222] ms
16-Mar-2026 10:52:13.223 INFO [main] org.apache.coyote.AbstractProtocol.start Démarrage du gestionnaire de protocole ["http-nio-8080"]
16-Mar-2026 10:52:13.335 INFO [main] org.apache.catalina.startup.Catalina.start Le démarrage du serveur a pris [17538] millisecondes
16-Mar-2026 10:52:13.468 INFO [main] org.apache.catalina.core.StandardServer.await Une commande d'arrêt valide a été reçue sur le port d'arrêt, arrêt de l'instance du serveur
16-Mar-2026 10:52:13.471 INFO [main] org.apache.coyote.AbstractProtocol.pause Le gestionnaire de protocole ["http-nio-8080"] est mis en pause
16-Mar-2026 10:52:13.559 INFO [main] org.apache.catalina.core.StandardService.stopInternal Arrêt du service [Catalina]
16-Mar-2026 10:52:13.599 INFO [main] org.apache.coyote.AbstractProtocol.stop Arrêt du gestionnaire de protocole ["http-nio-8080"]
16-Mar-2026 10:52:13.611 INFO [main] org.apache.coyote.AbstractProtocol.destroy Destruction du gestionnaire de protocole ["http-nio-8080"]
16-Mar-2026 10:53:00.989 INFO [main] org.apache.catalina.startup.VersionLoggerListener.log Nom version serveur :              Apache Tomcat/9.0.115
16-Mar-2026 10:53:01.002 INFO [main] org.apache.catalina.startup.VersionLoggerListener.log Serveur compilé :                  Jan 21 2026 08:17:26 UTC
16-Mar-2026 10:53:01.008 INFO [main] org.apache.catalina.startup.VersionLoggerListener.log Version du serveur :               9.0.115.0
16-Mar-2026 10:53:01.008 INFO [main] org.apache.catalina.startup.VersionLoggerListener.log Nom de l'OS :                      Windows 11
16-Mar-2026 10:53:01.009 INFO [main] org.apache.catalina.startup.VersionLoggerListener.log Version OS :                       10.0
16-Mar-2026 10:53:01.010 INFO [main] org.apache.catalina.startup.VersionLoggerListener.log Architecture :                     amd64
16-Mar-2026 10:53:01.012 INFO [main] org.apache.catalina.startup.VersionLoggerListener.log Java Home :                        C:\Users\DELL\.jdks\openjdk-25.0.2
16-Mar-2026 10:53:01.016 INFO [main] org.apache.catalina.startup.VersionLoggerListener.log Version JVM :                      25.0.2+10-69
16-Mar-2026 10:53:01.016 INFO [main] org.apache.catalina.startup.VersionLoggerListener.log Fournisseur de la JVM :            Oracle Corporation
16-Mar-2026 10:53:01.017 INFO [main] org.apache.catalina.startup.VersionLoggerListener.log CATALINA_BASE :                    C:\Users\DELL\Desktop\gestion-locations
16-Mar-2026 10:53:01.017 INFO [main] org.apache.catalina.startup.VersionLoggerListener.log CATALINA_HOME :                    C:\apache-tomcat-9.0.115
16-Mar-2026 10:53:01.118 INFO [main] org.apache.catalina.startup.VersionLoggerListener.log Argument de la ligne de commande : --add-opens=java.base/java.lang=ALL-UNNAMED
16-Mar-2026 10:53:01.122 INFO [main] org.apache.catalina.startup.VersionLoggerListener.log Argument de la ligne de commande : --add-opens=java.base/java.io=ALL-UNNAMED
16-Mar-2026 10:53:01.122 INFO [main] org.apache.catalina.startup.VersionLoggerListener.log Argument de la ligne de commande : --add-opens=java.base/java.util=ALL-UNNAMED
16-Mar-2026 10:53:01.124 INFO [main] org.apache.catalina.startup.VersionLoggerListener.log Argument de la ligne de commande : --add-opens=java.base/java.util.concurrent=ALL-UNNAMED
16-Mar-2026 10:53:01.124 INFO [main] org.apache.catalina.startup.VersionLoggerListener.log Argument de la ligne de commande : --add-opens=java.rmi/sun.rmi.transport=ALL-UNNAMED
16-Mar-2026 10:53:01.126 INFO [main] org.apache.catalina.startup.VersionLoggerListener.log Argument de la ligne de commande : -Dcatalina.home=C:\apache-tomcat-9.0.115
16-Mar-2026 10:53:01.128 INFO [main] org.apache.catalina.startup.VersionLoggerListener.log Argument de la ligne de commande : -Dcatalina.base=C:\Users\DELL\Desktop\gestion-locations
16-Mar-2026 10:53:01.128 INFO [main] org.apache.catalina.startup.VersionLoggerListener.log Argument de la ligne de commande : -Djava.io.tmpdir=C:\Users\DELL\Desktop\gestion-locations\temp
16-Mar-2026 10:53:01.130 INFO [main] org.apache.catalina.startup.VersionLoggerListener.log Argument de la ligne de commande : -Djava.util.logging.config.file=C:\Users\DELL\Desktop\gestion-locations\conf\logging.properties
16-Mar-2026 10:53:01.137 INFO [main] org.apache.catalina.startup.VersionLoggerListener.log Argument de la ligne de commande : -Djava.util.logging.manager=org.apache.juli.ClassLoaderLogManager
16-Mar-2026 10:53:01.138 INFO [main] org.apache.catalina.startup.VersionLoggerListener.log Argument de la ligne de commande : -javaagent:C:\Program Files\JetBrains\IntelliJ IDEA 2025.3.3\lib\idea_rt.jar=65467
16-Mar-2026 10:53:01.138 INFO [main] org.apache.catalina.startup.VersionLoggerListener.log Argument de la ligne de commande : -Dfile.encoding=UTF-8
16-Mar-2026 10:53:01.148 INFO [main] org.apache.catalina.startup.VersionLoggerListener.log Argument de la ligne de commande : -Dsun.stdout.encoding=UTF-8
16-Mar-2026 10:53:01.148 INFO [main] org.apache.catalina.startup.VersionLoggerListener.log Argument de la ligne de commande : -Dsun.stderr.encoding=UTF-8
16-Mar-2026 10:53:01.224 INFO [main] org.apache.catalina.core.AprLifecycleListener.lifecycleEvent Chargement de la librairie Apache Tomcat Native [1.3.5] en utilisant APR version [1.7.6]
16-Mar-2026 10:53:01.224 INFO [main] org.apache.catalina.core.AprLifecycleListener.lifecycleEvent Fonctionnalités d'APR : IPv6 [true], sendfile [true], accept filters [false], random [true], UDS [true]
16-Mar-2026 10:53:01.225 INFO [main] org.apache.catalina.core.AprLifecycleListener.lifecycleEvent Configuration de APR/OpenSSL : useAprConnector [false], useOpenSSL [true]
16-Mar-2026 10:53:01.322 INFO [main] org.apache.catalina.core.AprLifecycleListener.initializeSSL OpenSSL a été initialisé avec succès [OpenSSL 3.0.18 30 Sep 2025]
16-Mar-2026 10:53:03.758 INFO [main] org.apache.coyote.AbstractProtocol.init Initialisation du gestionnaire de protocole ["http-nio-8080"]
16-Mar-2026 10:53:04.054 INFO [main] org.apache.catalina.startup.Catalina.load L'initialisation du serveur a pris [5028] millisecondes
16-Mar-2026 10:53:04.392 INFO [main] org.apache.catalina.core.StandardService.startInternal Démarrage du service [Catalina]
16-Mar-2026 10:53:04.394 INFO [main] org.apache.catalina.core.StandardEngine.startInternal Démarrage du moteur de Servlets : [Apache Tomcat/9.0.115]
16-Mar-2026 10:53:04.468 INFO [main] org.apache.catalina.startup.HostConfig.deployDescriptor Déploiement du descripteur de configuration [C:\Users\DELL\Desktop\gestion-locations\conf\Catalina\localhost\gestion-locations.xml]
16-Mar-2026 10:53:26.852 INFO [main] org.apache.jasper.servlet.TldScanner.scanJars Au moins un fichier JAR a été analysé pour trouver des TLDs mais il n'en contenait pas, le mode "debug" du journal peut être activé pour obtenir une liste complète de JAR scannés sans succès ; éviter d'analyser des JARs inutilement peut améliorer sensiblement le temps de démarrage et le temps de compilation des JSPs
16-Mar-2026 10:53:27.314 INFO [main] org.apache.catalina.startup.HostConfig.deployDescriptor Le traitement du descripteur de déploiement [C:\Users\DELL\Desktop\gestion-locations\conf\Catalina\localhost\gestion-locations.xml] a pris [22 836] ms
16-Mar-2026 10:53:27.322 INFO [main] org.apache.coyote.AbstractProtocol.start Démarrage du gestionnaire de protocole ["http-nio-8080"]
16-Mar-2026 10:53:27.426 INFO [main] org.apache.catalina.startup.Catalina.start Le démarrage du serveur a pris [23365] millisecondes
16-Mar-2026 10:53:40.749 INFO [Thread-1] org.apache.coyote.AbstractProtocol.pause Le gestionnaire de protocole ["http-nio-8080"] est mis en pause
16-Mar-2026 10:53:41.096 INFO [Thread-1] org.apache.catalina.core.StandardService.stopInternal Arrêt du service [Catalina]
16-Mar-2026 10:53:41.151 INFO [Thread-1] org.apache.coyote.AbstractProtocol.stop Arrêt du gestionnaire de protocole ["http-nio-8080"]
16-Mar-2026 10:53:41.167 INFO [Thread-1] org.apache.coyote.AbstractProtocol.destroy Destruction du gestionnaire de protocole ["http-nio-8080"]
16-Mar-2026 11:05:17.585 INFO [main] org.apache.catalina.startup.VersionLoggerListener.log Nom version serveur :              Apache Tomcat/9.0.115
16-Mar-2026 11:05:17.598 INFO [main] org.apache.catalina.startup.VersionLoggerListener.log Serveur compilé :                  Jan 21 2026 08:17:26 UTC
16-Mar-2026 11:05:17.599 INFO [main] org.apache.catalina.startup.VersionLoggerListener.log Version du serveur :               9.0.115.0
16-Mar-2026 11:05:17.600 INFO [main] org.apache.catalina.startup.VersionLoggerListener.log Nom de l'OS :                      Windows 11
16-Mar-2026 11:05:17.600 INFO [main] org.apache.catalina.startup.VersionLoggerListener.log Version OS :                       10.0
16-Mar-2026 11:05:17.601 INFO [main] org.apache.catalina.startup.VersionLoggerListener.log Architecture :                     amd64
16-Mar-2026 11:05:17.601 INFO [main] org.apache.catalina.startup.VersionLoggerListener.log Java Home :                        C:\Users\DELL\.jdks\openjdk-25.0.2
16-Mar-2026 11:05:17.602 INFO [main] org.apache.catalina.startup.VersionLoggerListener.log Version JVM :                      25.0.2+10-69
16-Mar-2026 11:05:17.602 INFO [main] org.apache.catalina.startup.VersionLoggerListener.log Fournisseur de la JVM :            Oracle Corporation
16-Mar-2026 11:05:17.603 INFO [main] org.apache.catalina.startup.VersionLoggerListener.log CATALINA_BASE :                    C:\Users\DELL\Desktop\gestion-locations
16-Mar-2026 11:05:17.604 INFO [main] org.apache.catalina.startup.VersionLoggerListener.log CATALINA_HOME :                    C:\apache-tomcat-9.0.115
16-Mar-2026 11:05:17.656 INFO [main] org.apache.catalina.startup.VersionLoggerListener.log Argument de la ligne de commande : --add-opens=java.base/java.lang=ALL-UNNAMED
16-Mar-2026 11:05:17.657 INFO [main] org.apache.catalina.startup.VersionLoggerListener.log Argument de la ligne de commande : --add-opens=java.base/java.io=ALL-UNNAMED
16-Mar-2026 11:05:17.657 INFO [main] org.apache.catalina.startup.VersionLoggerListener.log Argument de la ligne de commande : --add-opens=java.base/java.util=ALL-UNNAMED
16-Mar-2026 11:05:17.657 INFO [main] org.apache.catalina.startup.VersionLoggerListener.log Argument de la ligne de commande : --add-opens=java.base/java.util.concurrent=ALL-UNNAMED
16-Mar-2026 11:05:17.658 INFO [main] org.apache.catalina.startup.VersionLoggerListener.log Argument de la ligne de commande : --add-opens=java.rmi/sun.rmi.transport=ALL-UNNAMED
16-Mar-2026 11:05:17.658 INFO [main] org.apache.catalina.startup.VersionLoggerListener.log Argument de la ligne de commande : -Dcatalina.home=C:\apache-tomcat-9.0.115
16-Mar-2026 11:05:17.658 INFO [main] org.apache.catalina.startup.VersionLoggerListener.log Argument de la ligne de commande : -Dcatalina.base=C:\Users\DELL\Desktop\gestion-locations
16-Mar-2026 11:05:17.659 INFO [main] org.apache.catalina.startup.VersionLoggerListener.log Argument de la ligne de commande : -Djava.io.tmpdir=C:\Users\DELL\Desktop\gestion-locations\temp
16-Mar-2026 11:05:17.659 INFO [main] org.apache.catalina.startup.VersionLoggerListener.log Argument de la ligne de commande : -Djava.util.logging.config.file=C:\Users\DELL\Desktop\gestion-locations\conf\logging.properties
16-Mar-2026 11:05:17.659 INFO [main] org.apache.catalina.startup.VersionLoggerListener.log Argument de la ligne de commande : -Djava.util.logging.manager=org.apache.juli.ClassLoaderLogManager
16-Mar-2026 11:05:17.660 INFO [main] org.apache.catalina.startup.VersionLoggerListener.log Argument de la ligne de commande : -javaagent:C:\Program Files\JetBrains\IntelliJ IDEA 2025.3.3\lib\idea_rt.jar=58779
16-Mar-2026 11:05:17.660 INFO [main] org.apache.catalina.startup.VersionLoggerListener.log Argument de la ligne de commande : -Dfile.encoding=UTF-8
16-Mar-2026 11:05:17.660 INFO [main] org.apache.catalina.startup.VersionLoggerListener.log Argument de la ligne de commande : -Dsun.stdout.encoding=UTF-8
16-Mar-2026 11:05:17.660 INFO [main] org.apache.catalina.startup.VersionLoggerListener.log Argument de la ligne de commande : -Dsun.stderr.encoding=UTF-8
16-Mar-2026 11:05:17.685 INFO [main] org.apache.catalina.core.AprLifecycleListener.lifecycleEvent Chargement de la librairie Apache Tomcat Native [1.3.5] en utilisant APR version [1.7.6]
16-Mar-2026 11:05:17.686 INFO [main] org.apache.catalina.core.AprLifecycleListener.lifecycleEvent Fonctionnalités d'APR : IPv6 [true], sendfile [true], accept filters [false], random [true], UDS [true]
16-Mar-2026 11:05:17.686 INFO [main] org.apache.catalina.core.AprLifecycleListener.lifecycleEvent Configuration de APR/OpenSSL : useAprConnector [false], useOpenSSL [true]
16-Mar-2026 11:05:17.740 INFO [main] org.apache.catalina.core.AprLifecycleListener.initializeSSL OpenSSL a été initialisé avec succès [OpenSSL 3.0.18 30 Sep 2025]
16-Mar-2026 11:05:19.537 INFO [main] org.apache.coyote.AbstractProtocol.init Initialisation du gestionnaire de protocole ["http-nio-8080"]
16-Mar-2026 11:05:19.665 INFO [main] org.apache.catalina.startup.Catalina.load L'initialisation du serveur a pris [3133] millisecondes
16-Mar-2026 11:05:19.943 INFO [main] org.apache.catalina.core.StandardService.startInternal Démarrage du service [Catalina]
16-Mar-2026 11:05:19.944 INFO [main] org.apache.catalina.core.StandardEngine.startInternal Démarrage du moteur de Servlets : [Apache Tomcat/9.0.115]
16-Mar-2026 11:05:20.026 INFO [main] org.apache.catalina.startup.HostConfig.deployDescriptor Déploiement du descripteur de configuration [C:\Users\DELL\Desktop\gestion-locations\conf\Catalina\localhost\gestion-locations.xml]
16-Mar-2026 11:05:29.334 INFO [main] org.apache.jasper.servlet.TldScanner.scanJars Au moins un fichier JAR a été analysé pour trouver des TLDs mais il n'en contenait pas, le mode "debug" du journal peut être activé pour obtenir une liste complète de JAR scannés sans succès ; éviter d'analyser des JARs inutilement peut améliorer sensiblement le temps de démarrage et le temps de compilation des JSPs
16-Mar-2026 11:05:29.602 INFO [main] org.apache.catalina.startup.HostConfig.deployDescriptor Le traitement du descripteur de déploiement [C:\Users\DELL\Desktop\gestion-locations\conf\Catalina\localhost\gestion-locations.xml] a pris [9 563] ms
16-Mar-2026 11:05:29.617 INFO [main] org.apache.coyote.AbstractProtocol.start Démarrage du gestionnaire de protocole ["http-nio-8080"]
16-Mar-2026 11:05:29.711 INFO [main] org.apache.catalina.startup.Catalina.start Le démarrage du serveur a pris [10039] millisecondes
16-Mar-2026 11:05:29.735 SEVERE [main] org.apache.catalina.core.StandardServer.await Impossible de créer le sokcet d'arrêt du serveur à l'adresse [localhost] et au port [8005] (port de base [8005] et offset [0])
	java.net.BindException: Address already in use: bind
		at java.base/sun.nio.ch.Net.bind0(Native Method)
		at java.base/sun.nio.ch.Net.bind(Net.java:522)
		at java.base/sun.nio.ch.Net.bind(Net.java:511)
		at java.base/sun.nio.ch.NioSocketImpl.bind(NioSocketImpl.java:641)
		at java.base/java.net.ServerSocket.bind(ServerSocket.java:326)
		at java.base/java.net.ServerSocket.<init>(ServerSocket.java:222)
		at org.apache.catalina.core.StandardServer.await(StandardServer.java:535)
		at org.apache.catalina.startup.Catalina.await(Catalina.java:826)
		at org.apache.catalina.startup.Catalina.start(Catalina.java:774)
		at java.base/jdk.internal.reflect.DirectMethodHandleAccessor.invoke(DirectMethodHandleAccessor.java:104)
		at java.base/java.lang.reflect.Method.invoke(Method.java:565)
		at org.apache.catalina.startup.Bootstrap.start(Bootstrap.java:342)
		at org.apache.catalina.startup.Bootstrap.main(Bootstrap.java:473)
16-Mar-2026 11:05:29.737 INFO [main] org.apache.coyote.AbstractProtocol.pause Le gestionnaire de protocole ["http-nio-8080"] est mis en pause
16-Mar-2026 11:05:29.801 INFO [main] org.apache.catalina.core.StandardService.stopInternal Arrêt du service [Catalina]
16-Mar-2026 11:05:29.838 INFO [main] org.apache.coyote.AbstractProtocol.stop Arrêt du gestionnaire de protocole ["http-nio-8080"]
16-Mar-2026 11:05:29.850 INFO [main] org.apache.coyote.AbstractProtocol.destroy Destruction du gestionnaire de protocole ["http-nio-8080"]
16-Mar-2026 11:11:15.023 INFO [main] org.apache.catalina.startup.VersionLoggerListener.log Nom version serveur :              Apache Tomcat/9.0.115
16-Mar-2026 11:11:15.032 INFO [main] org.apache.catalina.startup.VersionLoggerListener.log Serveur compilé :                  Jan 21 2026 08:17:26 UTC
16-Mar-2026 11:11:15.033 INFO [main] org.apache.catalina.startup.VersionLoggerListener.log Version du serveur :               9.0.115.0
16-Mar-2026 11:11:15.034 INFO [main] org.apache.catalina.startup.VersionLoggerListener.log Nom de l'OS :                      Windows 11
16-Mar-2026 11:11:15.034 INFO [main] org.apache.catalina.startup.VersionLoggerListener.log Version OS :                       10.0
16-Mar-2026 11:11:15.034 INFO [main] org.apache.catalina.startup.VersionLoggerListener.log Architecture :                     amd64
16-Mar-2026 11:11:15.034 INFO [main] org.apache.catalina.startup.VersionLoggerListener.log Java Home :                        C:\Users\DELL\.jdks\openjdk-25.0.2
16-Mar-2026 11:11:15.035 INFO [main] org.apache.catalina.startup.VersionLoggerListener.log Version JVM :                      25.0.2+10-69
16-Mar-2026 11:11:15.035 INFO [main] org.apache.catalina.startup.VersionLoggerListener.log Fournisseur de la JVM :            Oracle Corporation
16-Mar-2026 11:11:15.035 INFO [main] org.apache.catalina.startup.VersionLoggerListener.log CATALINA_BASE :                    C:\Users\DELL\Desktop\gestion-locations
16-Mar-2026 11:11:15.036 INFO [main] org.apache.catalina.startup.VersionLoggerListener.log CATALINA_HOME :                    C:\apache-tomcat-9.0.115
16-Mar-2026 11:11:15.085 INFO [main] org.apache.catalina.startup.VersionLoggerListener.log Argument de la ligne de commande : --add-opens=java.base/java.lang=ALL-UNNAMED
16-Mar-2026 11:11:15.085 INFO [main] org.apache.catalina.startup.VersionLoggerListener.log Argument de la ligne de commande : --add-opens=java.base/java.io=ALL-UNNAMED
16-Mar-2026 11:11:15.085 INFO [main] org.apache.catalina.startup.VersionLoggerListener.log Argument de la ligne de commande : --add-opens=java.base/java.util=ALL-UNNAMED
16-Mar-2026 11:11:15.085 INFO [main] org.apache.catalina.startup.VersionLoggerListener.log Argument de la ligne de commande : --add-opens=java.base/java.util.concurrent=ALL-UNNAMED
16-Mar-2026 11:11:15.087 INFO [main] org.apache.catalina.startup.VersionLoggerListener.log Argument de la ligne de commande : --add-opens=java.rmi/sun.rmi.transport=ALL-UNNAMED
16-Mar-2026 11:11:15.087 INFO [main] org.apache.catalina.startup.VersionLoggerListener.log Argument de la ligne de commande : -Dcatalina.home=C:\apache-tomcat-9.0.115
16-Mar-2026 11:11:15.087 INFO [main] org.apache.catalina.startup.VersionLoggerListener.log Argument de la ligne de commande : -Dcatalina.base=C:\Users\DELL\Desktop\gestion-locations
16-Mar-2026 11:11:15.088 INFO [main] org.apache.catalina.startup.VersionLoggerListener.log Argument de la ligne de commande : -Djava.io.tmpdir=C:\Users\DELL\Desktop\gestion-locations\temp
16-Mar-2026 11:11:15.088 INFO [main] org.apache.catalina.startup.VersionLoggerListener.log Argument de la ligne de commande : -Djava.util.logging.config.file=C:\Users\DELL\Desktop\gestion-locations\conf\logging.properties
16-Mar-2026 11:11:15.089 INFO [main] org.apache.catalina.startup.VersionLoggerListener.log Argument de la ligne de commande : -Djava.util.logging.manager=org.apache.juli.ClassLoaderLogManager
16-Mar-2026 11:11:15.089 INFO [main] org.apache.catalina.startup.VersionLoggerListener.log Argument de la ligne de commande : -javaagent:C:\Program Files\JetBrains\IntelliJ IDEA 2025.3.3\lib\idea_rt.jar=59614
16-Mar-2026 11:11:15.089 INFO [main] org.apache.catalina.startup.VersionLoggerListener.log Argument de la ligne de commande : -Dfile.encoding=UTF-8
16-Mar-2026 11:11:15.089 INFO [main] org.apache.catalina.startup.VersionLoggerListener.log Argument de la ligne de commande : -Dsun.stdout.encoding=UTF-8
16-Mar-2026 11:11:15.089 INFO [main] org.apache.catalina.startup.VersionLoggerListener.log Argument de la ligne de commande : -Dsun.stderr.encoding=UTF-8
16-Mar-2026 11:11:15.108 INFO [main] org.apache.catalina.core.AprLifecycleListener.lifecycleEvent Chargement de la librairie Apache Tomcat Native [1.3.5] en utilisant APR version [1.7.6]
16-Mar-2026 11:11:15.110 INFO [main] org.apache.catalina.core.AprLifecycleListener.lifecycleEvent Fonctionnalités d'APR : IPv6 [true], sendfile [true], accept filters [false], random [true], UDS [true]
16-Mar-2026 11:11:15.110 INFO [main] org.apache.catalina.core.AprLifecycleListener.lifecycleEvent Configuration de APR/OpenSSL : useAprConnector [false], useOpenSSL [true]
16-Mar-2026 11:11:15.173 INFO [main] org.apache.catalina.core.AprLifecycleListener.initializeSSL OpenSSL a été initialisé avec succès [OpenSSL 3.0.18 30 Sep 2025]
16-Mar-2026 11:11:16.896 INFO [main] org.apache.coyote.AbstractProtocol.init Initialisation du gestionnaire de protocole ["http-nio-8080"]
16-Mar-2026 11:11:17.016 INFO [main] org.apache.catalina.startup.Catalina.load L'initialisation du serveur a pris [3000] millisecondes
16-Mar-2026 11:11:17.241 INFO [main] org.apache.catalina.core.StandardService.startInternal Démarrage du service [Catalina]
16-Mar-2026 11:11:17.242 INFO [main] org.apache.catalina.core.StandardEngine.startInternal Démarrage du moteur de Servlets : [Apache Tomcat/9.0.115]
16-Mar-2026 11:11:17.271 INFO [main] org.apache.catalina.startup.HostConfig.deployDescriptor Déploiement du descripteur de configuration [C:\Users\DELL\Desktop\gestion-locations\conf\Catalina\localhost\gestion-locations.xml]
16-Mar-2026 11:11:24.972 INFO [main] org.apache.jasper.servlet.TldScanner.scanJars Au moins un fichier JAR a été analysé pour trouver des TLDs mais il n'en contenait pas, le mode "debug" du journal peut être activé pour obtenir une liste complète de JAR scannés sans succès ; éviter d'analyser des JARs inutilement peut améliorer sensiblement le temps de démarrage et le temps de compilation des JSPs
16-Mar-2026 11:11:25.275 INFO [main] org.apache.catalina.startup.HostConfig.deployDescriptor Le traitement du descripteur de déploiement [C:\Users\DELL\Desktop\gestion-locations\conf\Catalina\localhost\gestion-locations.xml] a pris [7 978] ms
16-Mar-2026 11:11:25.323 INFO [main] org.apache.coyote.AbstractProtocol.start Démarrage du gestionnaire de protocole ["http-nio-8080"]
16-Mar-2026 11:11:25.458 INFO [main] org.apache.catalina.startup.Catalina.start Le démarrage du serveur a pris [8436] millisecondes
16-Mar-2026 11:11:34.699 INFO [Thread-1] org.apache.coyote.AbstractProtocol.pause Le gestionnaire de protocole ["http-nio-8080"] est mis en pause
16-Mar-2026 11:11:34.780 INFO [Thread-1] org.apache.catalina.core.StandardService.stopInternal Arrêt du service [Catalina]
16-Mar-2026 11:11:34.810 INFO [Thread-1] org.apache.coyote.AbstractProtocol.stop Arrêt du gestionnaire de protocole ["http-nio-8080"]
16-Mar-2026 11:11:34.825 INFO [Thread-1] org.apache.coyote.AbstractProtocol.destroy Destruction du gestionnaire de protocole ["http-nio-8080"]
16-Mar-2026 11:11:38.357 INFO [main] org.apache.catalina.startup.VersionLoggerListener.log Nom version serveur :              Apache Tomcat/9.0.115
16-Mar-2026 11:11:38.368 INFO [main] org.apache.catalina.startup.VersionLoggerListener.log Serveur compilé :                  Jan 21 2026 08:17:26 UTC
16-Mar-2026 11:11:38.369 INFO [main] org.apache.catalina.startup.VersionLoggerListener.log Version du serveur :               9.0.115.0
16-Mar-2026 11:11:38.369 INFO [main] org.apache.catalina.startup.VersionLoggerListener.log Nom de l'OS :                      Windows 11
16-Mar-2026 11:11:38.370 INFO [main] org.apache.catalina.startup.VersionLoggerListener.log Version OS :                       10.0
16-Mar-2026 11:11:38.372 INFO [main] org.apache.catalina.startup.VersionLoggerListener.log Architecture :                     amd64
16-Mar-2026 11:11:38.375 INFO [main] org.apache.catalina.startup.VersionLoggerListener.log Java Home :                        C:\Users\DELL\.jdks\openjdk-25.0.2
16-Mar-2026 11:11:38.376 INFO [main] org.apache.catalina.startup.VersionLoggerListener.log Version JVM :                      25.0.2+10-69
16-Mar-2026 11:11:38.376 INFO [main] org.apache.catalina.startup.VersionLoggerListener.log Fournisseur de la JVM :            Oracle Corporation
16-Mar-2026 11:11:38.376 INFO [main] org.apache.catalina.startup.VersionLoggerListener.log CATALINA_BASE :                    C:\Users\DELL\Desktop\gestion-locations
16-Mar-2026 11:11:38.376 INFO [main] org.apache.catalina.startup.VersionLoggerListener.log CATALINA_HOME :                    C:\apache-tomcat-9.0.115
16-Mar-2026 11:11:38.418 INFO [main] org.apache.catalina.startup.VersionLoggerListener.log Argument de la ligne de commande : --add-opens=java.base/java.lang=ALL-UNNAMED
16-Mar-2026 11:11:38.419 INFO [main] org.apache.catalina.startup.VersionLoggerListener.log Argument de la ligne de commande : --add-opens=java.base/java.io=ALL-UNNAMED
16-Mar-2026 11:11:38.420 INFO [main] org.apache.catalina.startup.VersionLoggerListener.log Argument de la ligne de commande : --add-opens=java.base/java.util=ALL-UNNAMED
16-Mar-2026 11:11:38.420 INFO [main] org.apache.catalina.startup.VersionLoggerListener.log Argument de la ligne de commande : --add-opens=java.base/java.util.concurrent=ALL-UNNAMED
16-Mar-2026 11:11:38.421 INFO [main] org.apache.catalina.startup.VersionLoggerListener.log Argument de la ligne de commande : --add-opens=java.rmi/sun.rmi.transport=ALL-UNNAMED
16-Mar-2026 11:11:38.421 INFO [main] org.apache.catalina.startup.VersionLoggerListener.log Argument de la ligne de commande : -Dcatalina.home=C:\apache-tomcat-9.0.115
16-Mar-2026 11:11:38.422 INFO [main] org.apache.catalina.startup.VersionLoggerListener.log Argument de la ligne de commande : -Dcatalina.base=C:\Users\DELL\Desktop\gestion-locations
16-Mar-2026 11:11:38.422 INFO [main] org.apache.catalina.startup.VersionLoggerListener.log Argument de la ligne de commande : -Djava.io.tmpdir=C:\Users\DELL\Desktop\gestion-locations\temp
16-Mar-2026 11:11:38.424 INFO [main] org.apache.catalina.startup.VersionLoggerListener.log Argument de la ligne de commande : -Djava.util.logging.config.file=C:\Users\DELL\Desktop\gestion-locations\conf\logging.properties
16-Mar-2026 11:11:38.425 INFO [main] org.apache.catalina.startup.VersionLoggerListener.log Argument de la ligne de commande : -Djava.util.logging.manager=org.apache.juli.ClassLoaderLogManager
16-Mar-2026 11:11:38.426 INFO [main] org.apache.catalina.startup.VersionLoggerListener.log Argument de la ligne de commande : -javaagent:C:\Program Files\JetBrains\IntelliJ IDEA 2025.3.3\lib\idea_rt.jar=65180
16-Mar-2026 11:11:38.427 INFO [main] org.apache.catalina.startup.VersionLoggerListener.log Argument de la ligne de commande : -Dfile.encoding=UTF-8
16-Mar-2026 11:11:38.427 INFO [main] org.apache.catalina.startup.VersionLoggerListener.log Argument de la ligne de commande : -Dsun.stdout.encoding=UTF-8
16-Mar-2026 11:11:38.427 INFO [main] org.apache.catalina.startup.VersionLoggerListener.log Argument de la ligne de commande : -Dsun.stderr.encoding=UTF-8
16-Mar-2026 11:11:38.451 INFO [main] org.apache.catalina.core.AprLifecycleListener.lifecycleEvent Chargement de la librairie Apache Tomcat Native [1.3.5] en utilisant APR version [1.7.6]
16-Mar-2026 11:11:38.452 INFO [main] org.apache.catalina.core.AprLifecycleListener.lifecycleEvent Fonctionnalités d'APR : IPv6 [true], sendfile [true], accept filters [false], random [true], UDS [true]
16-Mar-2026 11:11:38.452 INFO [main] org.apache.catalina.core.AprLifecycleListener.lifecycleEvent Configuration de APR/OpenSSL : useAprConnector [false], useOpenSSL [true]
16-Mar-2026 11:11:38.491 INFO [main] org.apache.catalina.core.AprLifecycleListener.initializeSSL OpenSSL a été initialisé avec succès [OpenSSL 3.0.18 30 Sep 2025]
16-Mar-2026 11:11:39.976 INFO [main] org.apache.coyote.AbstractProtocol.init Initialisation du gestionnaire de protocole ["http-nio-8080"]
16-Mar-2026 11:11:40.059 INFO [main] org.apache.catalina.startup.Catalina.load L'initialisation du serveur a pris [2738] millisecondes
16-Mar-2026 11:11:40.179 INFO [main] org.apache.catalina.core.StandardService.startInternal Démarrage du service [Catalina]
16-Mar-2026 11:11:40.181 INFO [main] org.apache.catalina.core.StandardEngine.startInternal Démarrage du moteur de Servlets : [Apache Tomcat/9.0.115]
16-Mar-2026 11:11:40.252 INFO [main] org.apache.catalina.startup.HostConfig.deployDescriptor Déploiement du descripteur de configuration [C:\Users\DELL\Desktop\gestion-locations\conf\Catalina\localhost\gestion-locations.xml]
16-Mar-2026 11:11:49.793 INFO [main] org.apache.jasper.servlet.TldScanner.scanJars Au moins un fichier JAR a été analysé pour trouver des TLDs mais il n'en contenait pas, le mode "debug" du journal peut être activé pour obtenir une liste complète de JAR scannés sans succès ; éviter d'analyser des JARs inutilement peut améliorer sensiblement le temps de démarrage et le temps de compilation des JSPs
16-Mar-2026 11:11:50.006 INFO [main] org.apache.catalina.startup.HostConfig.deployDescriptor Le traitement du descripteur de déploiement [C:\Users\DELL\Desktop\gestion-locations\conf\Catalina\localhost\gestion-locations.xml] a pris [9 733] ms
16-Mar-2026 11:11:50.029 INFO [main] org.apache.coyote.AbstractProtocol.start Démarrage du gestionnaire de protocole ["http-nio-8080"]
16-Mar-2026 11:11:50.122 INFO [main] org.apache.catalina.startup.Catalina.start Le démarrage du serveur a pris [10058] millisecondes
16-Mar-2026 11:11:59.600 INFO [Thread-1] org.apache.coyote.AbstractProtocol.pause Le gestionnaire de protocole ["http-nio-8080"] est mis en pause
16-Mar-2026 11:11:59.690 INFO [Thread-1] org.apache.catalina.core.StandardService.stopInternal Arrêt du service [Catalina]
16-Mar-2026 11:11:59.723 INFO [Thread-1] org.apache.coyote.AbstractProtocol.stop Arrêt du gestionnaire de protocole ["http-nio-8080"]
16-Mar-2026 11:11:59.738 INFO [Thread-1] org.apache.coyote.AbstractProtocol.destroy Destruction du gestionnaire de protocole ["http-nio-8080"]
16-Mar-2026 11:12:04.489 INFO [main] org.apache.catalina.startup.VersionLoggerListener.log Nom version serveur :              Apache Tomcat/9.0.115
16-Mar-2026 11:12:04.496 INFO [main] org.apache.catalina.startup.VersionLoggerListener.log Serveur compilé :                  Jan 21 2026 08:17:26 UTC
16-Mar-2026 11:12:04.498 INFO [main] org.apache.catalina.startup.VersionLoggerListener.log Version du serveur :               9.0.115.0
16-Mar-2026 11:12:04.500 INFO [main] org.apache.catalina.startup.VersionLoggerListener.log Nom de l'OS :                      Windows 11
16-Mar-2026 11:12:04.501 INFO [main] org.apache.catalina.startup.VersionLoggerListener.log Version OS :                       10.0
16-Mar-2026 11:12:04.503 INFO [main] org.apache.catalina.startup.VersionLoggerListener.log Architecture :                     amd64
16-Mar-2026 11:12:04.504 INFO [main] org.apache.catalina.startup.VersionLoggerListener.log Java Home :                        C:\Users\DELL\.jdks\openjdk-25.0.2
16-Mar-2026 11:12:04.504 INFO [main] org.apache.catalina.startup.VersionLoggerListener.log Version JVM :                      25.0.2+10-69
16-Mar-2026 11:12:04.505 INFO [main] org.apache.catalina.startup.VersionLoggerListener.log Fournisseur de la JVM :            Oracle Corporation
16-Mar-2026 11:12:04.505 INFO [main] org.apache.catalina.startup.VersionLoggerListener.log CATALINA_BASE :                    C:\Users\DELL\Desktop\gestion-locations
16-Mar-2026 11:12:04.505 INFO [main] org.apache.catalina.startup.VersionLoggerListener.log CATALINA_HOME :                    C:\apache-tomcat-9.0.115
16-Mar-2026 11:12:04.537 INFO [main] org.apache.catalina.startup.VersionLoggerListener.log Argument de la ligne de commande : --add-opens=java.base/java.lang=ALL-UNNAMED
16-Mar-2026 11:12:04.538 INFO [main] org.apache.catalina.startup.VersionLoggerListener.log Argument de la ligne de commande : --add-opens=java.base/java.io=ALL-UNNAMED
16-Mar-2026 11:12:04.538 INFO [main] org.apache.catalina.startup.VersionLoggerListener.log Argument de la ligne de commande : --add-opens=java.base/java.util=ALL-UNNAMED
16-Mar-2026 11:12:04.538 INFO [main] org.apache.catalina.startup.VersionLoggerListener.log Argument de la ligne de commande : --add-opens=java.base/java.util.concurrent=ALL-UNNAMED
16-Mar-2026 11:12:04.538 INFO [main] org.apache.catalina.startup.VersionLoggerListener.log Argument de la ligne de commande : --add-opens=java.rmi/sun.rmi.transport=ALL-UNNAMED
16-Mar-2026 11:12:04.539 INFO [main] org.apache.catalina.startup.VersionLoggerListener.log Argument de la ligne de commande : -Dcatalina.home=C:\apache-tomcat-9.0.115
16-Mar-2026 11:12:04.540 INFO [main] org.apache.catalina.startup.VersionLoggerListener.log Argument de la ligne de commande : -Dcatalina.base=C:\Users\DELL\Desktop\gestion-locations
16-Mar-2026 11:12:04.540 INFO [main] org.apache.catalina.startup.VersionLoggerListener.log Argument de la ligne de commande : -Djava.io.tmpdir=C:\Users\DELL\Desktop\gestion-locations\temp
16-Mar-2026 11:12:04.540 INFO [main] org.apache.catalina.startup.VersionLoggerListener.log Argument de la ligne de commande : -Djava.util.logging.config.file=C:\Users\DELL\Desktop\gestion-locations\conf\logging.properties
16-Mar-2026 11:12:04.540 INFO [main] org.apache.catalina.startup.VersionLoggerListener.log Argument de la ligne de commande : -Djava.util.logging.manager=org.apache.juli.ClassLoaderLogManager
16-Mar-2026 11:12:04.541 INFO [main] org.apache.catalina.startup.VersionLoggerListener.log Argument de la ligne de commande : -javaagent:C:\Program Files\JetBrains\IntelliJ IDEA 2025.3.3\lib\idea_rt.jar=58720
16-Mar-2026 11:12:04.541 INFO [main] org.apache.catalina.startup.VersionLoggerListener.log Argument de la ligne de commande : -Dfile.encoding=UTF-8
16-Mar-2026 11:12:04.541 INFO [main] org.apache.catalina.startup.VersionLoggerListener.log Argument de la ligne de commande : -Dsun.stdout.encoding=UTF-8
16-Mar-2026 11:12:04.541 INFO [main] org.apache.catalina.startup.VersionLoggerListener.log Argument de la ligne de commande : -Dsun.stderr.encoding=UTF-8
16-Mar-2026 11:12:04.578 INFO [main] org.apache.catalina.core.AprLifecycleListener.lifecycleEvent Chargement de la librairie Apache Tomcat Native [1.3.5] en utilisant APR version [1.7.6]
16-Mar-2026 11:12:04.579 INFO [main] org.apache.catalina.core.AprLifecycleListener.lifecycleEvent Fonctionnalités d'APR : IPv6 [true], sendfile [true], accept filters [false], random [true], UDS [true]
16-Mar-2026 11:12:04.579 INFO [main] org.apache.catalina.core.AprLifecycleListener.lifecycleEvent Configuration de APR/OpenSSL : useAprConnector [false], useOpenSSL [true]
16-Mar-2026 11:12:04.629 INFO [main] org.apache.catalina.core.AprLifecycleListener.initializeSSL OpenSSL a été initialisé avec succès [OpenSSL 3.0.18 30 Sep 2025]
16-Mar-2026 11:12:06.265 INFO [main] org.apache.coyote.AbstractProtocol.init Initialisation du gestionnaire de protocole ["http-nio-8080"]
16-Mar-2026 11:12:06.350 INFO [main] org.apache.catalina.startup.Catalina.load L'initialisation du serveur a pris [2760] millisecondes
16-Mar-2026 11:12:06.571 INFO [main] org.apache.catalina.core.StandardService.startInternal Démarrage du service [Catalina]
16-Mar-2026 11:12:06.572 INFO [main] org.apache.catalina.core.StandardEngine.startInternal Démarrage du moteur de Servlets : [Apache Tomcat/9.0.115]
16-Mar-2026 11:12:06.607 INFO [main] org.apache.catalina.startup.HostConfig.deployDescriptor Déploiement du descripteur de configuration [C:\Users\DELL\Desktop\gestion-locations\conf\Catalina\localhost\gestion-locations.xml]
16-Mar-2026 11:12:13.593 INFO [main] org.apache.jasper.servlet.TldScanner.scanJars Au moins un fichier JAR a été analysé pour trouver des TLDs mais il n'en contenait pas, le mode "debug" du journal peut être activé pour obtenir une liste complète de JAR scannés sans succès ; éviter d'analyser des JARs inutilement peut améliorer sensiblement le temps de démarrage et le temps de compilation des JSPs
16-Mar-2026 11:12:13.794 INFO [main] org.apache.catalina.startup.HostConfig.deployDescriptor Le traitement du descripteur de déploiement [C:\Users\DELL\Desktop\gestion-locations\conf\Catalina\localhost\gestion-locations.xml] a pris [7 179] ms
16-Mar-2026 11:12:13.808 INFO [main] org.apache.coyote.AbstractProtocol.start Démarrage du gestionnaire de protocole ["http-nio-8080"]
16-Mar-2026 11:12:13.902 INFO [main] org.apache.catalina.startup.Catalina.start Le démarrage du serveur a pris [7542] millisecondes
16-Mar-2026 11:17:36.072 INFO [Thread-1] org.apache.coyote.AbstractProtocol.pause Le gestionnaire de protocole ["http-nio-8080"] est mis en pause
16-Mar-2026 11:17:36.129 INFO [Thread-1] org.apache.catalina.core.StandardService.stopInternal Arrêt du service [Catalina]
16-Mar-2026 11:17:36.156 INFO [Thread-1] org.apache.coyote.AbstractProtocol.stop Arrêt du gestionnaire de protocole ["http-nio-8080"]
16-Mar-2026 11:17:36.166 INFO [Thread-1] org.apache.coyote.AbstractProtocol.destroy Destruction du gestionnaire de protocole ["http-nio-8080"]
16-Mar-2026 11:18:03.959 INFO [main] org.apache.catalina.startup.VersionLoggerListener.log Nom version serveur :              Apache Tomcat/9.0.115
16-Mar-2026 11:18:03.967 INFO [main] org.apache.catalina.startup.VersionLoggerListener.log Serveur compilé :                  Jan 21 2026 08:17:26 UTC
16-Mar-2026 11:18:03.969 INFO [main] org.apache.catalina.startup.VersionLoggerListener.log Version du serveur :               9.0.115.0
16-Mar-2026 11:18:03.969 INFO [main] org.apache.catalina.startup.VersionLoggerListener.log Nom de l'OS :                      Windows 11
16-Mar-2026 11:18:03.971 INFO [main] org.apache.catalina.startup.VersionLoggerListener.log Version OS :                       10.0
16-Mar-2026 11:18:03.971 INFO [main] org.apache.catalina.startup.VersionLoggerListener.log Architecture :                     amd64
16-Mar-2026 11:18:03.972 INFO [main] org.apache.catalina.startup.VersionLoggerListener.log Java Home :                        C:\Users\DELL\.jdks\openjdk-25.0.2
16-Mar-2026 11:18:03.973 INFO [main] org.apache.catalina.startup.VersionLoggerListener.log Version JVM :                      25.0.2+10-69
16-Mar-2026 11:18:03.973 INFO [main] org.apache.catalina.startup.VersionLoggerListener.log Fournisseur de la JVM :            Oracle Corporation
16-Mar-2026 11:18:03.973 INFO [main] org.apache.catalina.startup.VersionLoggerListener.log CATALINA_BASE :                    C:\Users\DELL\Desktop\gestion-locations
16-Mar-2026 11:18:03.974 INFO [main] org.apache.catalina.startup.VersionLoggerListener.log CATALINA_HOME :                    C:\apache-tomcat-9.0.115
16-Mar-2026 11:18:04.030 INFO [main] org.apache.catalina.startup.VersionLoggerListener.log Argument de la ligne de commande : --add-opens=java.base/java.lang=ALL-UNNAMED
16-Mar-2026 11:18:04.031 INFO [main] org.apache.catalina.startup.VersionLoggerListener.log Argument de la ligne de commande : --add-opens=java.base/java.io=ALL-UNNAMED
16-Mar-2026 11:18:04.032 INFO [main] org.apache.catalina.startup.VersionLoggerListener.log Argument de la ligne de commande : --add-opens=java.base/java.util=ALL-UNNAMED
16-Mar-2026 11:18:04.032 INFO [main] org.apache.catalina.startup.VersionLoggerListener.log Argument de la ligne de commande : --add-opens=java.base/java.util.concurrent=ALL-UNNAMED
16-Mar-2026 11:18:04.032 INFO [main] org.apache.catalina.startup.VersionLoggerListener.log Argument de la ligne de commande : --add-opens=java.rmi/sun.rmi.transport=ALL-UNNAMED
16-Mar-2026 11:18:04.033 INFO [main] org.apache.catalina.startup.VersionLoggerListener.log Argument de la ligne de commande : -Dcatalina.home=C:\apache-tomcat-9.0.115
16-Mar-2026 11:18:04.035 INFO [main] org.apache.catalina.startup.VersionLoggerListener.log Argument de la ligne de commande : -Dcatalina.base=C:\Users\DELL\Desktop\gestion-locations
16-Mar-2026 11:18:04.035 INFO [main] org.apache.catalina.startup.VersionLoggerListener.log Argument de la ligne de commande : -Djava.io.tmpdir=C:\Users\DELL\Desktop\gestion-locations\temp
16-Mar-2026 11:18:04.036 INFO [main] org.apache.catalina.startup.VersionLoggerListener.log Argument de la ligne de commande : -Djava.util.logging.config.file=C:\Users\DELL\Desktop\gestion-locations\conf\logging.properties
16-Mar-2026 11:18:04.037 INFO [main] org.apache.catalina.startup.VersionLoggerListener.log Argument de la ligne de commande : -Djava.util.logging.manager=org.apache.juli.ClassLoaderLogManager
16-Mar-2026 11:18:04.039 INFO [main] org.apache.catalina.startup.VersionLoggerListener.log Argument de la ligne de commande : -javaagent:C:\Program Files\JetBrains\IntelliJ IDEA 2025.3.3\lib\idea_rt.jar=49671
16-Mar-2026 11:18:04.039 INFO [main] org.apache.catalina.startup.VersionLoggerListener.log Argument de la ligne de commande : -Dfile.encoding=UTF-8
16-Mar-2026 11:18:04.040 INFO [main] org.apache.catalina.startup.VersionLoggerListener.log Argument de la ligne de commande : -Dsun.stdout.encoding=UTF-8
16-Mar-2026 11:18:04.041 INFO [main] org.apache.catalina.startup.VersionLoggerListener.log Argument de la ligne de commande : -Dsun.stderr.encoding=UTF-8
16-Mar-2026 11:18:04.062 INFO [main] org.apache.catalina.core.AprLifecycleListener.lifecycleEvent Chargement de la librairie Apache Tomcat Native [1.3.5] en utilisant APR version [1.7.6]
16-Mar-2026 11:18:04.062 INFO [main] org.apache.catalina.core.AprLifecycleListener.lifecycleEvent Fonctionnalités d'APR : IPv6 [true], sendfile [true], accept filters [false], random [true], UDS [true]
16-Mar-2026 11:18:04.063 INFO [main] org.apache.catalina.core.AprLifecycleListener.lifecycleEvent Configuration de APR/OpenSSL : useAprConnector [false], useOpenSSL [true]
16-Mar-2026 11:18:04.091 INFO [main] org.apache.catalina.core.AprLifecycleListener.initializeSSL OpenSSL a été initialisé avec succès [OpenSSL 3.0.18 30 Sep 2025]
16-Mar-2026 11:18:05.772 INFO [main] org.apache.coyote.AbstractProtocol.init Initialisation du gestionnaire de protocole ["http-nio-8080"]
16-Mar-2026 11:18:05.864 INFO [main] org.apache.catalina.startup.Catalina.load L'initialisation du serveur a pris [2866] millisecondes
16-Mar-2026 11:18:06.088 INFO [main] org.apache.catalina.core.StandardService.startInternal Démarrage du service [Catalina]
16-Mar-2026 11:18:06.090 INFO [main] org.apache.catalina.core.StandardEngine.startInternal Démarrage du moteur de Servlets : [Apache Tomcat/9.0.115]
16-Mar-2026 11:18:06.125 INFO [main] org.apache.catalina.startup.HostConfig.deployDescriptor Déploiement du descripteur de configuration [C:\Users\DELL\Desktop\gestion-locations\conf\Catalina\localhost\gestion-locations.xml]
16-Mar-2026 11:18:13.267 INFO [main] org.apache.jasper.servlet.TldScanner.scanJars Au moins un fichier JAR a été analysé pour trouver des TLDs mais il n'en contenait pas, le mode "debug" du journal peut être activé pour obtenir une liste complète de JAR scannés sans succès ; éviter d'analyser des JARs inutilement peut améliorer sensiblement le temps de démarrage et le temps de compilation des JSPs
16-Mar-2026 11:18:13.469 INFO [main] org.apache.catalina.startup.HostConfig.deployDescriptor Le traitement du descripteur de déploiement [C:\Users\DELL\Desktop\gestion-locations\conf\Catalina\localhost\gestion-locations.xml] a pris [7 334] ms
16-Mar-2026 11:18:13.480 INFO [main] org.apache.coyote.AbstractProtocol.start Démarrage du gestionnaire de protocole ["http-nio-8080"]
16-Mar-2026 11:18:13.572 INFO [main] org.apache.catalina.startup.Catalina.start Le démarrage du serveur a pris [7698] millisecondes
16-Mar-2026 11:51:39.813 INFO [Thread-1] org.apache.coyote.AbstractProtocol.pause Le gestionnaire de protocole ["http-nio-8080"] est mis en pause
16-Mar-2026 11:51:40.105 INFO [Thread-1] org.apache.catalina.core.StandardService.stopInternal Arrêt du service [Catalina]
16-Mar-2026 11:51:40.497 INFO [Thread-1] org.apache.coyote.AbstractProtocol.stop Arrêt du gestionnaire de protocole ["http-nio-8080"]
16-Mar-2026 11:51:40.541 INFO [Thread-1] org.apache.coyote.AbstractProtocol.destroy Destruction du gestionnaire de protocole ["http-nio-8080"]
16-Mar-2026 11:53:30.513 INFO [main] org.apache.catalina.startup.VersionLoggerListener.log Nom version serveur :              Apache Tomcat/9.0.115
16-Mar-2026 11:53:30.527 INFO [main] org.apache.catalina.startup.VersionLoggerListener.log Serveur compilé :                  Jan 21 2026 08:17:26 UTC
16-Mar-2026 11:53:30.531 INFO [main] org.apache.catalina.startup.VersionLoggerListener.log Version du serveur :               9.0.115.0
16-Mar-2026 11:53:30.532 INFO [main] org.apache.catalina.startup.VersionLoggerListener.log Nom de l'OS :                      Windows 11
16-Mar-2026 11:53:30.533 INFO [main] org.apache.catalina.startup.VersionLoggerListener.log Version OS :                       10.0
16-Mar-2026 11:53:30.534 INFO [main] org.apache.catalina.startup.VersionLoggerListener.log Architecture :                     amd64
16-Mar-2026 11:53:30.535 INFO [main] org.apache.catalina.startup.VersionLoggerListener.log Java Home :                        C:\Users\DELL\.jdks\openjdk-25.0.2
16-Mar-2026 11:53:30.535 INFO [main] org.apache.catalina.startup.VersionLoggerListener.log Version JVM :                      25.0.2+10-69
16-Mar-2026 11:53:30.535 INFO [main] org.apache.catalina.startup.VersionLoggerListener.log Fournisseur de la JVM :            Oracle Corporation
16-Mar-2026 11:53:30.536 INFO [main] org.apache.catalina.startup.VersionLoggerListener.log CATALINA_BASE :                    C:\Users\DELL\Desktop\gestion-locations
16-Mar-2026 11:53:30.536 INFO [main] org.apache.catalina.startup.VersionLoggerListener.log CATALINA_HOME :                    C:\apache-tomcat-9.0.115
16-Mar-2026 11:53:30.581 INFO [main] org.apache.catalina.startup.VersionLoggerListener.log Argument de la ligne de commande : --add-opens=java.base/java.lang=ALL-UNNAMED
16-Mar-2026 11:53:30.581 INFO [main] org.apache.catalina.startup.VersionLoggerListener.log Argument de la ligne de commande : --add-opens=java.base/java.io=ALL-UNNAMED
16-Mar-2026 11:53:30.581 INFO [main] org.apache.catalina.startup.VersionLoggerListener.log Argument de la ligne de commande : --add-opens=java.base/java.util=ALL-UNNAMED
16-Mar-2026 11:53:30.583 INFO [main] org.apache.catalina.startup.VersionLoggerListener.log Argument de la ligne de commande : --add-opens=java.base/java.util.concurrent=ALL-UNNAMED
16-Mar-2026 11:53:30.583 INFO [main] org.apache.catalina.startup.VersionLoggerListener.log Argument de la ligne de commande : --add-opens=java.rmi/sun.rmi.transport=ALL-UNNAMED
16-Mar-2026 11:53:30.583 INFO [main] org.apache.catalina.startup.VersionLoggerListener.log Argument de la ligne de commande : -Dcatalina.home=C:\apache-tomcat-9.0.115
16-Mar-2026 11:53:30.583 INFO [main] org.apache.catalina.startup.VersionLoggerListener.log Argument de la ligne de commande : -Dcatalina.base=C:\Users\DELL\Desktop\gestion-locations
16-Mar-2026 11:53:30.583 INFO [main] org.apache.catalina.startup.VersionLoggerListener.log Argument de la ligne de commande : -Djava.io.tmpdir=C:\Users\DELL\Desktop\gestion-locations\temp
16-Mar-2026 11:53:30.585 INFO [main] org.apache.catalina.startup.VersionLoggerListener.log Argument de la ligne de commande : -Djava.util.logging.config.file=C:\Users\DELL\Desktop\gestion-locations\conf\logging.properties
16-Mar-2026 11:53:30.585 INFO [main] org.apache.catalina.startup.VersionLoggerListener.log Argument de la ligne de commande : -Djava.util.logging.manager=org.apache.juli.ClassLoaderLogManager
16-Mar-2026 11:53:30.585 INFO [main] org.apache.catalina.startup.VersionLoggerListener.log Argument de la ligne de commande : -javaagent:C:\Program Files\JetBrains\IntelliJ IDEA 2025.3.3\lib\idea_rt.jar=57173
16-Mar-2026 11:53:30.585 INFO [main] org.apache.catalina.startup.VersionLoggerListener.log Argument de la ligne de commande : -Dfile.encoding=UTF-8
16-Mar-2026 11:53:30.585 INFO [main] org.apache.catalina.startup.VersionLoggerListener.log Argument de la ligne de commande : -Dsun.stdout.encoding=UTF-8
16-Mar-2026 11:53:30.586 INFO [main] org.apache.catalina.startup.VersionLoggerListener.log Argument de la ligne de commande : -Dsun.stderr.encoding=UTF-8
16-Mar-2026 11:53:30.608 INFO [main] org.apache.catalina.core.AprLifecycleListener.lifecycleEvent Chargement de la librairie Apache Tomcat Native [1.3.5] en utilisant APR version [1.7.6]
16-Mar-2026 11:53:30.608 INFO [main] org.apache.catalina.core.AprLifecycleListener.lifecycleEvent Fonctionnalités d'APR : IPv6 [true], sendfile [true], accept filters [false], random [true], UDS [true]
16-Mar-2026 11:53:30.608 INFO [main] org.apache.catalina.core.AprLifecycleListener.lifecycleEvent Configuration de APR/OpenSSL : useAprConnector [false], useOpenSSL [true]
16-Mar-2026 11:53:30.674 INFO [main] org.apache.catalina.core.AprLifecycleListener.initializeSSL OpenSSL a été initialisé avec succès [OpenSSL 3.0.18 30 Sep 2025]
16-Mar-2026 11:53:31.971 INFO [main] org.apache.coyote.AbstractProtocol.init Initialisation du gestionnaire de protocole ["http-nio-8080"]
16-Mar-2026 11:53:32.029 INFO [main] org.apache.catalina.startup.Catalina.load L'initialisation du serveur a pris [2261] millisecondes
16-Mar-2026 11:53:32.205 INFO [main] org.apache.catalina.core.StandardService.startInternal Démarrage du service [Catalina]
16-Mar-2026 11:53:32.229 INFO [main] org.apache.catalina.core.StandardEngine.startInternal Démarrage du moteur de Servlets : [Apache Tomcat/9.0.115]
16-Mar-2026 11:53:32.266 INFO [main] org.apache.catalina.startup.HostConfig.deployDescriptor Déploiement du descripteur de configuration [C:\Users\DELL\Desktop\gestion-locations\conf\Catalina\localhost\gestion-locations.xml]
16-Mar-2026 11:53:38.869 INFO [main] org.apache.jasper.servlet.TldScanner.scanJars Au moins un fichier JAR a été analysé pour trouver des TLDs mais il n'en contenait pas, le mode "debug" du journal peut être activé pour obtenir une liste complète de JAR scannés sans succès ; éviter d'analyser des JARs inutilement peut améliorer sensiblement le temps de démarrage et le temps de compilation des JSPs
16-Mar-2026 11:53:39.124 INFO [main] org.apache.catalina.startup.HostConfig.deployDescriptor Le traitement du descripteur de déploiement [C:\Users\DELL\Desktop\gestion-locations\conf\Catalina\localhost\gestion-locations.xml] a pris [6 845] ms
16-Mar-2026 11:53:39.137 INFO [main] org.apache.coyote.AbstractProtocol.start Démarrage du gestionnaire de protocole ["http-nio-8080"]
16-Mar-2026 11:53:39.233 INFO [main] org.apache.catalina.startup.Catalina.start Le démarrage du serveur a pris [7198] millisecondes
16-Mar-2026 11:56:18.250 INFO [Thread-1] org.apache.coyote.AbstractProtocol.pause Le gestionnaire de protocole ["http-nio-8080"] est mis en pause
16-Mar-2026 11:56:18.373 INFO [Thread-1] org.apache.catalina.core.StandardService.stopInternal Arrêt du service [Catalina]
16-Mar-2026 11:56:18.428 INFO [Thread-1] org.apache.coyote.AbstractProtocol.stop Arrêt du gestionnaire de protocole ["http-nio-8080"]
16-Mar-2026 11:56:18.440 INFO [Thread-1] org.apache.coyote.AbstractProtocol.destroy Destruction du gestionnaire de protocole ["http-nio-8080"]
16-Mar-2026 12:02:10.971 INFO [main] org.apache.catalina.startup.VersionLoggerListener.log Nom version serveur :              Apache Tomcat/9.0.115
16-Mar-2026 12:02:10.980 INFO [main] org.apache.catalina.startup.VersionLoggerListener.log Serveur compilé :                  Jan 21 2026 08:17:26 UTC
16-Mar-2026 12:02:10.981 INFO [main] org.apache.catalina.startup.VersionLoggerListener.log Version du serveur :               9.0.115.0
16-Mar-2026 12:02:10.981 INFO [main] org.apache.catalina.startup.VersionLoggerListener.log Nom de l'OS :                      Windows 11
16-Mar-2026 12:02:10.981 INFO [main] org.apache.catalina.startup.VersionLoggerListener.log Version OS :                       10.0
16-Mar-2026 12:02:10.982 INFO [main] org.apache.catalina.startup.VersionLoggerListener.log Architecture :                     amd64
16-Mar-2026 12:02:10.982 INFO [main] org.apache.catalina.startup.VersionLoggerListener.log Java Home :                        C:\Users\DELL\.jdks\openjdk-25.0.2
16-Mar-2026 12:02:10.983 INFO [main] org.apache.catalina.startup.VersionLoggerListener.log Version JVM :                      25.0.2+10-69
16-Mar-2026 12:02:10.983 INFO [main] org.apache.catalina.startup.VersionLoggerListener.log Fournisseur de la JVM :            Oracle Corporation
16-Mar-2026 12:02:10.983 INFO [main] org.apache.catalina.startup.VersionLoggerListener.log CATALINA_BASE :                    C:\Users\DELL\Desktop\gestion-locations
16-Mar-2026 12:02:10.984 INFO [main] org.apache.catalina.startup.VersionLoggerListener.log CATALINA_HOME :                    C:\apache-tomcat-9.0.115
16-Mar-2026 12:02:11.032 INFO [main] org.apache.catalina.startup.VersionLoggerListener.log Argument de la ligne de commande : --add-opens=java.base/java.lang=ALL-UNNAMED
16-Mar-2026 12:02:11.032 INFO [main] org.apache.catalina.startup.VersionLoggerListener.log Argument de la ligne de commande : --add-opens=java.base/java.io=ALL-UNNAMED
16-Mar-2026 12:02:11.033 INFO [main] org.apache.catalina.startup.VersionLoggerListener.log Argument de la ligne de commande : --add-opens=java.base/java.util=ALL-UNNAMED
16-Mar-2026 12:02:11.033 INFO [main] org.apache.catalina.startup.VersionLoggerListener.log Argument de la ligne de commande : --add-opens=java.base/java.util.concurrent=ALL-UNNAMED
16-Mar-2026 12:02:11.033 INFO [main] org.apache.catalina.startup.VersionLoggerListener.log Argument de la ligne de commande : --add-opens=java.rmi/sun.rmi.transport=ALL-UNNAMED
16-Mar-2026 12:02:11.033 INFO [main] org.apache.catalina.startup.VersionLoggerListener.log Argument de la ligne de commande : -Dcatalina.home=C:\apache-tomcat-9.0.115
16-Mar-2026 12:02:11.034 INFO [main] org.apache.catalina.startup.VersionLoggerListener.log Argument de la ligne de commande : -Dcatalina.base=C:\Users\DELL\Desktop\gestion-locations
16-Mar-2026 12:02:11.034 INFO [main] org.apache.catalina.startup.VersionLoggerListener.log Argument de la ligne de commande : -Djava.io.tmpdir=C:\Users\DELL\Desktop\gestion-locations\temp
16-Mar-2026 12:02:11.034 INFO [main] org.apache.catalina.startup.VersionLoggerListener.log Argument de la ligne de commande : -Djava.util.logging.config.file=C:\Users\DELL\Desktop\gestion-locations\conf\logging.properties
16-Mar-2026 12:02:11.034 INFO [main] org.apache.catalina.startup.VersionLoggerListener.log Argument de la ligne de commande : -Djava.util.logging.manager=org.apache.juli.ClassLoaderLogManager
16-Mar-2026 12:02:11.035 INFO [main] org.apache.catalina.startup.VersionLoggerListener.log Argument de la ligne de commande : -javaagent:C:\Program Files\JetBrains\IntelliJ IDEA 2025.3.3\lib\idea_rt.jar=50926
16-Mar-2026 12:02:11.035 INFO [main] org.apache.catalina.startup.VersionLoggerListener.log Argument de la ligne de commande : -Dfile.encoding=UTF-8
16-Mar-2026 12:02:11.035 INFO [main] org.apache.catalina.startup.VersionLoggerListener.log Argument de la ligne de commande : -Dsun.stdout.encoding=UTF-8
16-Mar-2026 12:02:11.035 INFO [main] org.apache.catalina.startup.VersionLoggerListener.log Argument de la ligne de commande : -Dsun.stderr.encoding=UTF-8
16-Mar-2026 12:02:11.054 INFO [main] org.apache.catalina.core.AprLifecycleListener.lifecycleEvent Chargement de la librairie Apache Tomcat Native [1.3.5] en utilisant APR version [1.7.6]
16-Mar-2026 12:02:11.055 INFO [main] org.apache.catalina.core.AprLifecycleListener.lifecycleEvent Fonctionnalités d'APR : IPv6 [true], sendfile [true], accept filters [false], random [true], UDS [true]
16-Mar-2026 12:02:11.055 INFO [main] org.apache.catalina.core.AprLifecycleListener.lifecycleEvent Configuration de APR/OpenSSL : useAprConnector [false], useOpenSSL [true]
16-Mar-2026 12:02:11.128 INFO [main] org.apache.catalina.core.AprLifecycleListener.initializeSSL OpenSSL a été initialisé avec succès [OpenSSL 3.0.18 30 Sep 2025]
16-Mar-2026 12:02:12.645 INFO [main] org.apache.coyote.AbstractProtocol.init Initialisation du gestionnaire de protocole ["http-nio-8080"]
16-Mar-2026 12:02:12.740 INFO [main] org.apache.catalina.startup.Catalina.load L'initialisation du serveur a pris [2773] millisecondes
16-Mar-2026 12:02:12.946 INFO [main] org.apache.catalina.core.StandardService.startInternal Démarrage du service [Catalina]
16-Mar-2026 12:02:12.947 INFO [main] org.apache.catalina.core.StandardEngine.startInternal Démarrage du moteur de Servlets : [Apache Tomcat/9.0.115]
16-Mar-2026 12:02:12.986 INFO [main] org.apache.catalina.startup.HostConfig.deployDescriptor Déploiement du descripteur de configuration [C:\Users\DELL\Desktop\gestion-locations\conf\Catalina\localhost\gestion-locations.xml]
16-Mar-2026 12:02:20.173 INFO [main] org.apache.jasper.servlet.TldScanner.scanJars Au moins un fichier JAR a été analysé pour trouver des TLDs mais il n'en contenait pas, le mode "debug" du journal peut être activé pour obtenir une liste complète de JAR scannés sans succès ; éviter d'analyser des JARs inutilement peut améliorer sensiblement le temps de démarrage et le temps de compilation des JSPs
16-Mar-2026 12:02:20.542 INFO [main] org.apache.catalina.startup.HostConfig.deployDescriptor Le traitement du descripteur de déploiement [C:\Users\DELL\Desktop\gestion-locations\conf\Catalina\localhost\gestion-locations.xml] a pris [7 538] ms
16-Mar-2026 12:02:20.558 INFO [main] org.apache.coyote.AbstractProtocol.start Démarrage du gestionnaire de protocole ["http-nio-8080"]
16-Mar-2026 12:02:20.648 INFO [main] org.apache.catalina.startup.Catalina.start Le démarrage du serveur a pris [7898] millisecondes
16-Mar-2026 12:46:03.075 INFO [main] org.apache.catalina.startup.VersionLoggerListener.log Nom version serveur :              Apache Tomcat/9.0.115
16-Mar-2026 12:46:03.083 INFO [main] org.apache.catalina.startup.VersionLoggerListener.log Serveur compilé :                  Jan 21 2026 08:17:26 UTC
16-Mar-2026 12:46:03.084 INFO [main] org.apache.catalina.startup.VersionLoggerListener.log Version du serveur :               9.0.115.0
16-Mar-2026 12:46:03.084 INFO [main] org.apache.catalina.startup.VersionLoggerListener.log Nom de l'OS :                      Windows 11
16-Mar-2026 12:46:03.084 INFO [main] org.apache.catalina.startup.VersionLoggerListener.log Version OS :                       10.0
16-Mar-2026 12:46:03.085 INFO [main] org.apache.catalina.startup.VersionLoggerListener.log Architecture :                     amd64
16-Mar-2026 12:46:03.085 INFO [main] org.apache.catalina.startup.VersionLoggerListener.log Java Home :                        C:\Users\DELL\.jdks\openjdk-25.0.2
16-Mar-2026 12:46:03.085 INFO [main] org.apache.catalina.startup.VersionLoggerListener.log Version JVM :                      25.0.2+10-69
16-Mar-2026 12:46:03.086 INFO [main] org.apache.catalina.startup.VersionLoggerListener.log Fournisseur de la JVM :            Oracle Corporation
16-Mar-2026 12:46:03.086 INFO [main] org.apache.catalina.startup.VersionLoggerListener.log CATALINA_BASE :                    C:\Users\DELL\Desktop\gestion-locations
16-Mar-2026 12:46:03.089 INFO [main] org.apache.catalina.startup.VersionLoggerListener.log CATALINA_HOME :                    C:\apache-tomcat-9.0.115
16-Mar-2026 12:46:03.133 INFO [main] org.apache.catalina.startup.VersionLoggerListener.log Argument de la ligne de commande : --add-opens=java.base/java.lang=ALL-UNNAMED
16-Mar-2026 12:46:03.133 INFO [main] org.apache.catalina.startup.VersionLoggerListener.log Argument de la ligne de commande : --add-opens=java.base/java.io=ALL-UNNAMED
16-Mar-2026 12:46:03.134 INFO [main] org.apache.catalina.startup.VersionLoggerListener.log Argument de la ligne de commande : --add-opens=java.base/java.util=ALL-UNNAMED
16-Mar-2026 12:46:03.134 INFO [main] org.apache.catalina.startup.VersionLoggerListener.log Argument de la ligne de commande : --add-opens=java.base/java.util.concurrent=ALL-UNNAMED
16-Mar-2026 12:46:03.134 INFO [main] org.apache.catalina.startup.VersionLoggerListener.log Argument de la ligne de commande : --add-opens=java.rmi/sun.rmi.transport=ALL-UNNAMED
16-Mar-2026 12:46:03.134 INFO [main] org.apache.catalina.startup.VersionLoggerListener.log Argument de la ligne de commande : -Dcatalina.home=C:\apache-tomcat-9.0.115
16-Mar-2026 12:46:03.135 INFO [main] org.apache.catalina.startup.VersionLoggerListener.log Argument de la ligne de commande : -Dcatalina.base=C:\Users\DELL\Desktop\gestion-locations
16-Mar-2026 12:46:03.135 INFO [main] org.apache.catalina.startup.VersionLoggerListener.log Argument de la ligne de commande : -Djava.io.tmpdir=C:\Users\DELL\Desktop\gestion-locations\temp
16-Mar-2026 12:46:03.135 INFO [main] org.apache.catalina.startup.VersionLoggerListener.log Argument de la ligne de commande : -Djava.util.logging.config.file=C:\Users\DELL\Desktop\gestion-locations\conf\logging.properties
16-Mar-2026 12:46:03.136 INFO [main] org.apache.catalina.startup.VersionLoggerListener.log Argument de la ligne de commande : -Djava.util.logging.manager=org.apache.juli.ClassLoaderLogManager
16-Mar-2026 12:46:03.136 INFO [main] org.apache.catalina.startup.VersionLoggerListener.log Argument de la ligne de commande : -javaagent:C:\Program Files\JetBrains\IntelliJ IDEA 2025.3.3\lib\idea_rt.jar=58001
16-Mar-2026 12:46:03.136 INFO [main] org.apache.catalina.startup.VersionLoggerListener.log Argument de la ligne de commande : -Dfile.encoding=UTF-8
16-Mar-2026 12:46:03.136 INFO [main] org.apache.catalina.startup.VersionLoggerListener.log Argument de la ligne de commande : -Dsun.stdout.encoding=UTF-8
16-Mar-2026 12:46:03.136 INFO [main] org.apache.catalina.startup.VersionLoggerListener.log Argument de la ligne de commande : -Dsun.stderr.encoding=UTF-8
16-Mar-2026 12:46:03.155 INFO [main] org.apache.catalina.core.AprLifecycleListener.lifecycleEvent Chargement de la librairie Apache Tomcat Native [1.3.5] en utilisant APR version [1.7.6]
16-Mar-2026 12:46:03.155 INFO [main] org.apache.catalina.core.AprLifecycleListener.lifecycleEvent Fonctionnalités d'APR : IPv6 [true], sendfile [true], accept filters [false], random [true], UDS [true]
16-Mar-2026 12:46:03.155 INFO [main] org.apache.catalina.core.AprLifecycleListener.lifecycleEvent Configuration de APR/OpenSSL : useAprConnector [false], useOpenSSL [true]
16-Mar-2026 12:46:03.209 INFO [main] org.apache.catalina.core.AprLifecycleListener.initializeSSL OpenSSL a été initialisé avec succès [OpenSSL 3.0.18 30 Sep 2025]
16-Mar-2026 12:46:04.364 INFO [main] org.apache.coyote.AbstractProtocol.init Initialisation du gestionnaire de protocole ["http-nio-8080"]
16-Mar-2026 12:46:04.421 INFO [main] org.apache.catalina.startup.Catalina.load L'initialisation du serveur a pris [2240] millisecondes
16-Mar-2026 12:46:04.570 INFO [main] org.apache.catalina.core.StandardService.startInternal Démarrage du service [Catalina]
16-Mar-2026 12:46:04.570 INFO [main] org.apache.catalina.core.StandardEngine.startInternal Démarrage du moteur de Servlets : [Apache Tomcat/9.0.115]
16-Mar-2026 12:46:04.613 INFO [main] org.apache.catalina.startup.HostConfig.deployDescriptor Déploiement du descripteur de configuration [C:\Users\DELL\Desktop\gestion-locations\conf\Catalina\localhost\gestion-locations.xml]
16-Mar-2026 12:46:11.504 INFO [main] org.apache.jasper.servlet.TldScanner.scanJars Au moins un fichier JAR a été analysé pour trouver des TLDs mais il n'en contenait pas, le mode "debug" du journal peut être activé pour obtenir une liste complète de JAR scannés sans succès ; éviter d'analyser des JARs inutilement peut améliorer sensiblement le temps de démarrage et le temps de compilation des JSPs
16-Mar-2026 12:46:11.881 INFO [main] org.apache.catalina.startup.HostConfig.deployDescriptor Le traitement du descripteur de déploiement [C:\Users\DELL\Desktop\gestion-locations\conf\Catalina\localhost\gestion-locations.xml] a pris [7 256] ms
16-Mar-2026 12:46:11.890 INFO [main] org.apache.coyote.AbstractProtocol.start Démarrage du gestionnaire de protocole ["http-nio-8080"]
16-Mar-2026 12:46:11.960 INFO [main] org.apache.catalina.startup.Catalina.start Le démarrage du serveur a pris [7535] millisecondes
16-Mar-2026 12:57:39.923 INFO [Thread-1] org.apache.coyote.AbstractProtocol.pause Le gestionnaire de protocole ["http-nio-8080"] est mis en pause
16-Mar-2026 12:57:40.103 INFO [Thread-1] org.apache.catalina.core.StandardService.stopInternal Arrêt du service [Catalina]
16-Mar-2026 12:57:40.486 INFO [Thread-1] org.apache.coyote.AbstractProtocol.stop Arrêt du gestionnaire de protocole ["http-nio-8080"]
16-Mar-2026 12:57:40.511 INFO [Thread-1] org.apache.coyote.AbstractProtocol.destroy Destruction du gestionnaire de protocole ["http-nio-8080"]
16-Mar-2026 12:57:46.736 INFO [main] org.apache.catalina.startup.VersionLoggerListener.log Nom version serveur :              Apache Tomcat/9.0.115
16-Mar-2026 12:57:46.753 INFO [main] org.apache.catalina.startup.VersionLoggerListener.log Serveur compilé :                  Jan 21 2026 08:17:26 UTC
16-Mar-2026 12:57:46.754 INFO [main] org.apache.catalina.startup.VersionLoggerListener.log Version du serveur :               9.0.115.0
16-Mar-2026 12:57:46.754 INFO [main] org.apache.catalina.startup.VersionLoggerListener.log Nom de l'OS :                      Windows 11
16-Mar-2026 12:57:46.754 INFO [main] org.apache.catalina.startup.VersionLoggerListener.log Version OS :                       10.0
16-Mar-2026 12:57:46.755 INFO [main] org.apache.catalina.startup.VersionLoggerListener.log Architecture :                     amd64
16-Mar-2026 12:57:46.755 INFO [main] org.apache.catalina.startup.VersionLoggerListener.log Java Home :                        C:\Users\DELL\.jdks\openjdk-25.0.2
16-Mar-2026 12:57:46.755 INFO [main] org.apache.catalina.startup.VersionLoggerListener.log Version JVM :                      25.0.2+10-69
16-Mar-2026 12:57:46.756 INFO [main] org.apache.catalina.startup.VersionLoggerListener.log Fournisseur de la JVM :            Oracle Corporation
16-Mar-2026 12:57:46.756 INFO [main] org.apache.catalina.startup.VersionLoggerListener.log CATALINA_BASE :                    C:\Users\DELL\Desktop\gestion-locations
16-Mar-2026 12:57:46.756 INFO [main] org.apache.catalina.startup.VersionLoggerListener.log CATALINA_HOME :                    C:\apache-tomcat-9.0.115
16-Mar-2026 12:57:46.797 INFO [main] org.apache.catalina.startup.VersionLoggerListener.log Argument de la ligne de commande : --add-opens=java.base/java.lang=ALL-UNNAMED
16-Mar-2026 12:57:46.797 INFO [main] org.apache.catalina.startup.VersionLoggerListener.log Argument de la ligne de commande : --add-opens=java.base/java.io=ALL-UNNAMED
16-Mar-2026 12:57:46.797 INFO [main] org.apache.catalina.startup.VersionLoggerListener.log Argument de la ligne de commande : --add-opens=java.base/java.util=ALL-UNNAMED
16-Mar-2026 12:57:46.798 INFO [main] org.apache.catalina.startup.VersionLoggerListener.log Argument de la ligne de commande : --add-opens=java.base/java.util.concurrent=ALL-UNNAMED
16-Mar-2026 12:57:46.798 INFO [main] org.apache.catalina.startup.VersionLoggerListener.log Argument de la ligne de commande : --add-opens=java.rmi/sun.rmi.transport=ALL-UNNAMED
16-Mar-2026 12:57:46.798 INFO [main] org.apache.catalina.startup.VersionLoggerListener.log Argument de la ligne de commande : -Dcatalina.home=C:\apache-tomcat-9.0.115
16-Mar-2026 12:57:46.798 INFO [main] org.apache.catalina.startup.VersionLoggerListener.log Argument de la ligne de commande : -Dcatalina.base=C:\Users\DELL\Desktop\gestion-locations
16-Mar-2026 12:57:46.798 INFO [main] org.apache.catalina.startup.VersionLoggerListener.log Argument de la ligne de commande : -Djava.io.tmpdir=C:\Users\DELL\Desktop\gestion-locations\temp
16-Mar-2026 12:57:46.799 INFO [main] org.apache.catalina.startup.VersionLoggerListener.log Argument de la ligne de commande : -Djava.util.logging.config.file=C:\Users\DELL\Desktop\gestion-locations\conf\logging.properties
16-Mar-2026 12:57:46.799 INFO [main] org.apache.catalina.startup.VersionLoggerListener.log Argument de la ligne de commande : -Djava.util.logging.manager=org.apache.juli.ClassLoaderLogManager
16-Mar-2026 12:57:46.799 INFO [main] org.apache.catalina.startup.VersionLoggerListener.log Argument de la ligne de commande : -javaagent:C:\Program Files\JetBrains\IntelliJ IDEA 2025.3.3\lib\idea_rt.jar=65447
16-Mar-2026 12:57:46.799 INFO [main] org.apache.catalina.startup.VersionLoggerListener.log Argument de la ligne de commande : -Dfile.encoding=UTF-8
16-Mar-2026 12:57:46.799 INFO [main] org.apache.catalina.startup.VersionLoggerListener.log Argument de la ligne de commande : -Dsun.stdout.encoding=UTF-8
16-Mar-2026 12:57:46.799 INFO [main] org.apache.catalina.startup.VersionLoggerListener.log Argument de la ligne de commande : -Dsun.stderr.encoding=UTF-8
16-Mar-2026 12:57:46.813 INFO [main] org.apache.catalina.core.AprLifecycleListener.lifecycleEvent Chargement de la librairie Apache Tomcat Native [1.3.5] en utilisant APR version [1.7.6]
16-Mar-2026 12:57:46.814 INFO [main] org.apache.catalina.core.AprLifecycleListener.lifecycleEvent Fonctionnalités d'APR : IPv6 [true], sendfile [true], accept filters [false], random [true], UDS [true]
16-Mar-2026 12:57:46.814 INFO [main] org.apache.catalina.core.AprLifecycleListener.lifecycleEvent Configuration de APR/OpenSSL : useAprConnector [false], useOpenSSL [true]
16-Mar-2026 12:57:46.855 INFO [main] org.apache.catalina.core.AprLifecycleListener.initializeSSL OpenSSL a été initialisé avec succès [OpenSSL 3.0.18 30 Sep 2025]
16-Mar-2026 12:57:48.160 INFO [main] org.apache.coyote.AbstractProtocol.init Initialisation du gestionnaire de protocole ["http-nio-8080"]
16-Mar-2026 12:57:48.222 INFO [main] org.apache.catalina.startup.Catalina.load L'initialisation du serveur a pris [2452] millisecondes
16-Mar-2026 12:57:48.364 INFO [main] org.apache.catalina.core.StandardService.startInternal Démarrage du service [Catalina]
16-Mar-2026 12:57:48.365 INFO [main] org.apache.catalina.core.StandardEngine.startInternal Démarrage du moteur de Servlets : [Apache Tomcat/9.0.115]
16-Mar-2026 12:57:48.401 INFO [main] org.apache.catalina.startup.HostConfig.deployDescriptor Déploiement du descripteur de configuration [C:\Users\DELL\Desktop\gestion-locations\conf\Catalina\localhost\gestion-locations.xml]
16-Mar-2026 12:57:52.838 INFO [main] org.apache.jasper.servlet.TldScanner.scanJars Au moins un fichier JAR a été analysé pour trouver des TLDs mais il n'en contenait pas, le mode "debug" du journal peut être activé pour obtenir une liste complète de JAR scannés sans succès ; éviter d'analyser des JARs inutilement peut améliorer sensiblement le temps de démarrage et le temps de compilation des JSPs
16-Mar-2026 12:57:53.030 INFO [main] org.apache.catalina.startup.HostConfig.deployDescriptor Le traitement du descripteur de déploiement [C:\Users\DELL\Desktop\gestion-locations\conf\Catalina\localhost\gestion-locations.xml] a pris [4 621] ms
16-Mar-2026 12:57:53.045 INFO [main] org.apache.coyote.AbstractProtocol.start Démarrage du gestionnaire de protocole ["http-nio-8080"]
16-Mar-2026 12:57:53.220 INFO [main] org.apache.catalina.startup.Catalina.start Le démarrage du serveur a pris [4992] millisecondes
16-Mar-2026 13:23:44.818 INFO [Thread-1] org.apache.coyote.AbstractProtocol.pause Le gestionnaire de protocole ["http-nio-8080"] est mis en pause
16-Mar-2026 13:23:45.287 INFO [Thread-1] org.apache.catalina.core.StandardService.stopInternal Arrêt du service [Catalina]
16-Mar-2026 13:23:45.564 INFO [Thread-1] org.apache.coyote.AbstractProtocol.stop Arrêt du gestionnaire de protocole ["http-nio-8080"]
16-Mar-2026 13:23:45.595 INFO [Thread-1] org.apache.coyote.AbstractProtocol.destroy Destruction du gestionnaire de protocole ["http-nio-8080"]
16-Mar-2026 13:23:57.020 INFO [main] org.apache.catalina.startup.VersionLoggerListener.log Nom version serveur :              Apache Tomcat/9.0.115
16-Mar-2026 13:23:57.028 INFO [main] org.apache.catalina.startup.VersionLoggerListener.log Serveur compilé :                  Jan 21 2026 08:17:26 UTC
16-Mar-2026 13:23:57.028 INFO [main] org.apache.catalina.startup.VersionLoggerListener.log Version du serveur :               9.0.115.0
16-Mar-2026 13:23:57.029 INFO [main] org.apache.catalina.startup.VersionLoggerListener.log Nom de l'OS :                      Windows 11
16-Mar-2026 13:23:57.029 INFO [main] org.apache.catalina.startup.VersionLoggerListener.log Version OS :                       10.0
16-Mar-2026 13:23:57.029 INFO [main] org.apache.catalina.startup.VersionLoggerListener.log Architecture :                     amd64
16-Mar-2026 13:23:57.029 INFO [main] org.apache.catalina.startup.VersionLoggerListener.log Java Home :                        C:\Users\DELL\.jdks\openjdk-25.0.2
16-Mar-2026 13:23:57.031 INFO [main] org.apache.catalina.startup.VersionLoggerListener.log Version JVM :                      25.0.2+10-69
16-Mar-2026 13:23:57.031 INFO [main] org.apache.catalina.startup.VersionLoggerListener.log Fournisseur de la JVM :            Oracle Corporation
16-Mar-2026 13:23:57.031 INFO [main] org.apache.catalina.startup.VersionLoggerListener.log CATALINA_BASE :                    C:\Users\DELL\Desktop\gestion-locations
16-Mar-2026 13:23:57.032 INFO [main] org.apache.catalina.startup.VersionLoggerListener.log CATALINA_HOME :                    C:\apache-tomcat-9.0.115
16-Mar-2026 13:23:57.115 INFO [main] org.apache.catalina.startup.VersionLoggerListener.log Argument de la ligne de commande : --add-opens=java.base/java.lang=ALL-UNNAMED
16-Mar-2026 13:23:57.116 INFO [main] org.apache.catalina.startup.VersionLoggerListener.log Argument de la ligne de commande : --add-opens=java.base/java.io=ALL-UNNAMED
16-Mar-2026 13:23:57.116 INFO [main] org.apache.catalina.startup.VersionLoggerListener.log Argument de la ligne de commande : --add-opens=java.base/java.util=ALL-UNNAMED
16-Mar-2026 13:23:57.116 INFO [main] org.apache.catalina.startup.VersionLoggerListener.log Argument de la ligne de commande : --add-opens=java.base/java.util.concurrent=ALL-UNNAMED
16-Mar-2026 13:23:57.116 INFO [main] org.apache.catalina.startup.VersionLoggerListener.log Argument de la ligne de commande : --add-opens=java.rmi/sun.rmi.transport=ALL-UNNAMED
16-Mar-2026 13:23:57.117 INFO [main] org.apache.catalina.startup.VersionLoggerListener.log Argument de la ligne de commande : -Dcatalina.home=C:\apache-tomcat-9.0.115
16-Mar-2026 13:23:57.117 INFO [main] org.apache.catalina.startup.VersionLoggerListener.log Argument de la ligne de commande : -Dcatalina.base=C:\Users\DELL\Desktop\gestion-locations
16-Mar-2026 13:23:57.117 INFO [main] org.apache.catalina.startup.VersionLoggerListener.log Argument de la ligne de commande : -Djava.io.tmpdir=C:\Users\DELL\Desktop\gestion-locations\temp
16-Mar-2026 13:23:57.117 INFO [main] org.apache.catalina.startup.VersionLoggerListener.log Argument de la ligne de commande : -Djava.util.logging.config.file=C:\Users\DELL\Desktop\gestion-locations\conf\logging.properties
16-Mar-2026 13:23:57.117 INFO [main] org.apache.catalina.startup.VersionLoggerListener.log Argument de la ligne de commande : -Djava.util.logging.manager=org.apache.juli.ClassLoaderLogManager
16-Mar-2026 13:23:57.117 INFO [main] org.apache.catalina.startup.VersionLoggerListener.log Argument de la ligne de commande : -javaagent:C:\Program Files\JetBrains\IntelliJ IDEA 2025.3.3\lib\idea_rt.jar=64504
16-Mar-2026 13:23:57.118 INFO [main] org.apache.catalina.startup.VersionLoggerListener.log Argument de la ligne de commande : -Dfile.encoding=UTF-8
16-Mar-2026 13:23:57.118 INFO [main] org.apache.catalina.startup.VersionLoggerListener.log Argument de la ligne de commande : -Dsun.stdout.encoding=UTF-8
16-Mar-2026 13:23:57.118 INFO [main] org.apache.catalina.startup.VersionLoggerListener.log Argument de la ligne de commande : -Dsun.stderr.encoding=UTF-8
16-Mar-2026 13:23:57.146 INFO [main] org.apache.catalina.core.AprLifecycleListener.lifecycleEvent Chargement de la librairie Apache Tomcat Native [1.3.5] en utilisant APR version [1.7.6]
16-Mar-2026 13:23:57.147 INFO [main] org.apache.catalina.core.AprLifecycleListener.lifecycleEvent Fonctionnalités d'APR : IPv6 [true], sendfile [true], accept filters [false], random [true], UDS [true]
16-Mar-2026 13:23:57.147 INFO [main] org.apache.catalina.core.AprLifecycleListener.lifecycleEvent Configuration de APR/OpenSSL : useAprConnector [false], useOpenSSL [true]
16-Mar-2026 13:23:57.221 INFO [main] org.apache.catalina.core.AprLifecycleListener.initializeSSL OpenSSL a été initialisé avec succès [OpenSSL 3.0.18 30 Sep 2025]
16-Mar-2026 13:23:58.592 INFO [main] org.apache.coyote.AbstractProtocol.init Initialisation du gestionnaire de protocole ["http-nio-8080"]
16-Mar-2026 13:23:58.772 INFO [main] org.apache.catalina.startup.Catalina.load L'initialisation du serveur a pris [3464] millisecondes
16-Mar-2026 13:23:59.013 INFO [main] org.apache.catalina.core.StandardService.startInternal Démarrage du service [Catalina]
16-Mar-2026 13:23:59.016 INFO [main] org.apache.catalina.core.StandardEngine.startInternal Démarrage du moteur de Servlets : [Apache Tomcat/9.0.115]
16-Mar-2026 13:23:59.058 INFO [main] org.apache.catalina.startup.HostConfig.deployDescriptor Déploiement du descripteur de configuration [C:\Users\DELL\Desktop\gestion-locations\conf\Catalina\localhost\gestion-locations.xml]
16-Mar-2026 13:24:05.675 INFO [main] org.apache.jasper.servlet.TldScanner.scanJars Au moins un fichier JAR a été analysé pour trouver des TLDs mais il n'en contenait pas, le mode "debug" du journal peut être activé pour obtenir une liste complète de JAR scannés sans succès ; éviter d'analyser des JARs inutilement peut améliorer sensiblement le temps de démarrage et le temps de compilation des JSPs
16-Mar-2026 13:24:05.809 INFO [main] org.apache.catalina.startup.HostConfig.deployDescriptor Le traitement du descripteur de déploiement [C:\Users\DELL\Desktop\gestion-locations\conf\Catalina\localhost\gestion-locations.xml] a pris [6 743] ms
16-Mar-2026 13:24:05.814 INFO [main] org.apache.coyote.AbstractProtocol.start Démarrage du gestionnaire de protocole ["http-nio-8080"]
16-Mar-2026 13:24:05.864 INFO [main] org.apache.catalina.startup.Catalina.start Le démarrage du serveur a pris [7083] millisecondes
16-Mar-2026 23:20:33.066 INFO [main] org.apache.catalina.startup.VersionLoggerListener.log Nom version serveur :              Apache Tomcat/9.0.115
16-Mar-2026 23:20:33.069 INFO [main] org.apache.catalina.startup.VersionLoggerListener.log Serveur compilé :                  Jan 21 2026 08:17:26 UTC
16-Mar-2026 23:20:33.070 INFO [main] org.apache.catalina.startup.VersionLoggerListener.log Version du serveur :               9.0.115.0
16-Mar-2026 23:20:33.070 INFO [main] org.apache.catalina.startup.VersionLoggerListener.log Nom de l'OS :                      Windows 11
16-Mar-2026 23:20:33.070 INFO [main] org.apache.catalina.startup.VersionLoggerListener.log Version OS :                       10.0
16-Mar-2026 23:20:33.070 INFO [main] org.apache.catalina.startup.VersionLoggerListener.log Architecture :                     amd64
16-Mar-2026 23:20:33.070 INFO [main] org.apache.catalina.startup.VersionLoggerListener.log Java Home :                        C:\Users\DELL\.jdks\openjdk-25.0.2
16-Mar-2026 23:20:33.070 INFO [main] org.apache.catalina.startup.VersionLoggerListener.log Version JVM :                      25.0.2+10-69
16-Mar-2026 23:20:33.070 INFO [main] org.apache.catalina.startup.VersionLoggerListener.log Fournisseur de la JVM :            Oracle Corporation
16-Mar-2026 23:20:33.070 INFO [main] org.apache.catalina.startup.VersionLoggerListener.log CATALINA_BASE :                    C:\Users\DELL\Desktop\gestion-locations
16-Mar-2026 23:20:33.070 INFO [main] org.apache.catalina.startup.VersionLoggerListener.log CATALINA_HOME :                    C:\apache-tomcat-9.0.115
16-Mar-2026 23:20:33.089 INFO [main] org.apache.catalina.startup.VersionLoggerListener.log Argument de la ligne de commande : --add-opens=java.base/java.lang=ALL-UNNAMED
16-Mar-2026 23:20:33.089 INFO [main] org.apache.catalina.startup.VersionLoggerListener.log Argument de la ligne de commande : --add-opens=java.base/java.io=ALL-UNNAMED
16-Mar-2026 23:20:33.089 INFO [main] org.apache.catalina.startup.VersionLoggerListener.log Argument de la ligne de commande : --add-opens=java.base/java.util=ALL-UNNAMED
16-Mar-2026 23:20:33.089 INFO [main] org.apache.catalina.startup.VersionLoggerListener.log Argument de la ligne de commande : --add-opens=java.base/java.util.concurrent=ALL-UNNAMED
16-Mar-2026 23:20:33.089 INFO [main] org.apache.catalina.startup.VersionLoggerListener.log Argument de la ligne de commande : --add-opens=java.rmi/sun.rmi.transport=ALL-UNNAMED
16-Mar-2026 23:20:33.089 INFO [main] org.apache.catalina.startup.VersionLoggerListener.log Argument de la ligne de commande : -Dcatalina.home=C:\apache-tomcat-9.0.115
16-Mar-2026 23:20:33.089 INFO [main] org.apache.catalina.startup.VersionLoggerListener.log Argument de la ligne de commande : -Dcatalina.base=C:\Users\DELL\Desktop\gestion-locations
16-Mar-2026 23:20:33.089 INFO [main] org.apache.catalina.startup.VersionLoggerListener.log Argument de la ligne de commande : -Djava.io.tmpdir=C:\Users\DELL\Desktop\gestion-locations\temp
16-Mar-2026 23:20:33.089 INFO [main] org.apache.catalina.startup.VersionLoggerListener.log Argument de la ligne de commande : -Djava.util.logging.config.file=C:\Users\DELL\Desktop\gestion-locations\conf\logging.properties
16-Mar-2026 23:20:33.089 INFO [main] org.apache.catalina.startup.VersionLoggerListener.log Argument de la ligne de commande : -Djava.util.logging.manager=org.apache.juli.ClassLoaderLogManager
16-Mar-2026 23:20:33.089 INFO [main] org.apache.catalina.startup.VersionLoggerListener.log Argument de la ligne de commande : -javaagent:C:\Program Files\JetBrains\IntelliJ IDEA 2025.3.3\lib\idea_rt.jar=63562
16-Mar-2026 23:20:33.089 INFO [main] org.apache.catalina.startup.VersionLoggerListener.log Argument de la ligne de commande : -Dfile.encoding=UTF-8
16-Mar-2026 23:20:33.089 INFO [main] org.apache.catalina.startup.VersionLoggerListener.log Argument de la ligne de commande : -Dsun.stdout.encoding=UTF-8
16-Mar-2026 23:20:33.091 INFO [main] org.apache.catalina.startup.VersionLoggerListener.log Argument de la ligne de commande : -Dsun.stderr.encoding=UTF-8
16-Mar-2026 23:20:33.120 INFO [main] org.apache.catalina.core.AprLifecycleListener.lifecycleEvent Chargement de la librairie Apache Tomcat Native [1.3.5] en utilisant APR version [1.7.6]
16-Mar-2026 23:20:33.120 INFO [main] org.apache.catalina.core.AprLifecycleListener.lifecycleEvent Fonctionnalités d'APR : IPv6 [true], sendfile [true], accept filters [false], random [true], UDS [true]
16-Mar-2026 23:20:33.120 INFO [main] org.apache.catalina.core.AprLifecycleListener.lifecycleEvent Configuration de APR/OpenSSL : useAprConnector [false], useOpenSSL [true]
16-Mar-2026 23:20:33.130 INFO [main] org.apache.catalina.core.AprLifecycleListener.initializeSSL OpenSSL a été initialisé avec succès [OpenSSL 3.0.18 30 Sep 2025]
16-Mar-2026 23:20:33.634 INFO [main] org.apache.coyote.AbstractProtocol.init Initialisation du gestionnaire de protocole ["http-nio-8080"]
16-Mar-2026 23:20:33.658 INFO [main] org.apache.catalina.startup.Catalina.load L'initialisation du serveur a pris [942] millisecondes
16-Mar-2026 23:20:33.739 INFO [main] org.apache.catalina.core.StandardService.startInternal Démarrage du service [Catalina]
16-Mar-2026 23:20:33.740 INFO [main] org.apache.catalina.core.StandardEngine.startInternal Démarrage du moteur de Servlets : [Apache Tomcat/9.0.115]
16-Mar-2026 23:20:33.753 INFO [main] org.apache.catalina.startup.HostConfig.deployDescriptor Déploiement du descripteur de configuration [C:\Users\DELL\Desktop\gestion-locations\conf\Catalina\localhost\gestion-locations.xml]
16-Mar-2026 23:20:38.145 INFO [main] org.apache.jasper.servlet.TldScanner.scanJars Au moins un fichier JAR a été analysé pour trouver des TLDs mais il n'en contenait pas, le mode "debug" du journal peut être activé pour obtenir une liste complète de JAR scannés sans succès ; éviter d'analyser des JARs inutilement peut améliorer sensiblement le temps de démarrage et le temps de compilation des JSPs
16-Mar-2026 23:20:38.288 INFO [main] org.apache.catalina.startup.HostConfig.deployDescriptor Le traitement du descripteur de déploiement [C:\Users\DELL\Desktop\gestion-locations\conf\Catalina\localhost\gestion-locations.xml] a pris [4 529] ms
16-Mar-2026 23:20:38.295 INFO [main] org.apache.coyote.AbstractProtocol.start Démarrage du gestionnaire de protocole ["http-nio-8080"]
16-Mar-2026 23:20:38.346 INFO [main] org.apache.catalina.startup.Catalina.start Le démarrage du serveur a pris [4685] millisecondes
16-Mar-2026 23:22:41.605 INFO [Thread-1] org.apache.coyote.AbstractProtocol.pause Le gestionnaire de protocole ["http-nio-8080"] est mis en pause
16-Mar-2026 23:22:41.652 INFO [Thread-1] org.apache.catalina.core.StandardService.stopInternal Arrêt du service [Catalina]
16-Mar-2026 23:22:41.668 INFO [Thread-1] org.apache.coyote.AbstractProtocol.stop Arrêt du gestionnaire de protocole ["http-nio-8080"]
16-Mar-2026 23:22:41.676 INFO [Thread-1] org.apache.coyote.AbstractProtocol.destroy Destruction du gestionnaire de protocole ["http-nio-8080"]
