15-Mar-2026 07:29:55.901 INFO [main] org.apache.catalina.startup.VersionLoggerListener.log Nom version serveur :              Apache Tomcat/9.0.115
15-Mar-2026 07:29:55.908 INFO [main] org.apache.catalina.startup.VersionLoggerListener.log Serveur compilé :                  Jan 21 2026 08:17:26 UTC
15-Mar-2026 07:29:55.909 INFO [main] org.apache.catalina.startup.VersionLoggerListener.log Version du serveur :               9.0.115.0
15-Mar-2026 07:29:55.909 INFO [main] org.apache.catalina.startup.VersionLoggerListener.log Nom de l'OS :                      Windows 11
15-Mar-2026 07:29:55.909 INFO [main] org.apache.catalina.startup.VersionLoggerListener.log Version OS :                       10.0
15-Mar-2026 07:29:55.909 INFO [main] org.apache.catalina.startup.VersionLoggerListener.log Architecture :                     amd64
15-Mar-2026 07:29:55.909 INFO [main] org.apache.catalina.startup.VersionLoggerListener.log Java Home :                        C:\Users\DELL\.jdks\openjdk-25.0.2
15-Mar-2026 07:29:55.909 INFO [main] org.apache.catalina.startup.VersionLoggerListener.log Version JVM :                      25.0.2+10-69
15-Mar-2026 07:29:55.910 INFO [main] org.apache.catalina.startup.VersionLoggerListener.log Fournisseur de la JVM :            Oracle Corporation
15-Mar-2026 07:29:55.910 INFO [main] org.apache.catalina.startup.VersionLoggerListener.log CATALINA_BASE :                    C:\Users\DELL\Desktop\gestion-locations
15-Mar-2026 07:29:55.910 INFO [main] org.apache.catalina.startup.VersionLoggerListener.log CATALINA_HOME :                    C:\apache-tomcat-9.0.115
15-Mar-2026 07:29:55.938 INFO [main] org.apache.catalina.startup.VersionLoggerListener.log Argument de la ligne de commande : --add-opens=java.base/java.lang=ALL-UNNAMED
15-Mar-2026 07:29:55.938 INFO [main] org.apache.catalina.startup.VersionLoggerListener.log Argument de la ligne de commande : --add-opens=java.base/java.io=ALL-UNNAMED
15-Mar-2026 07:29:55.938 INFO [main] org.apache.catalina.startup.VersionLoggerListener.log Argument de la ligne de commande : --add-opens=java.base/java.util=ALL-UNNAMED
15-Mar-2026 07:29:55.938 INFO [main] org.apache.catalina.startup.VersionLoggerListener.log Argument de la ligne de commande : --add-opens=java.base/java.util.concurrent=ALL-UNNAMED
15-Mar-2026 07:29:55.939 INFO [main] org.apache.catalina.startup.VersionLoggerListener.log Argument de la ligne de commande : --add-opens=java.rmi/sun.rmi.transport=ALL-UNNAMED
15-Mar-2026 07:29:55.939 INFO [main] org.apache.catalina.startup.VersionLoggerListener.log Argument de la ligne de commande : -agentlib:jdwp=transport=dt_socket,address=127.0.0.1:59160,suspend=y,server=n
15-Mar-2026 07:29:55.939 INFO [main] org.apache.catalina.startup.VersionLoggerListener.log Argument de la ligne de commande : -javaagent:C:\Users\DELL\AppData\Local\JetBrains\IntelliJIdea2025.3\captureAgent\debugger-agent.jar=file:///C:/Users/DELL/AppData/Local/Temp/capture2183317561670395659.props
15-Mar-2026 07:29:55.939 INFO [main] org.apache.catalina.startup.VersionLoggerListener.log Argument de la ligne de commande : -Dcatalina.home=C:\apache-tomcat-9.0.115
15-Mar-2026 07:29:55.940 INFO [main] org.apache.catalina.startup.VersionLoggerListener.log Argument de la ligne de commande : -Dcatalina.base=C:\Users\DELL\Desktop\gestion-locations
15-Mar-2026 07:29:55.940 INFO [main] org.apache.catalina.startup.VersionLoggerListener.log Argument de la ligne de commande : -Djava.io.tmpdir=C:\Users\DELL\Desktop\gestion-locations\temp
15-Mar-2026 07:29:55.940 INFO [main] org.apache.catalina.startup.VersionLoggerListener.log Argument de la ligne de commande : -Djava.util.logging.config.file=C:\Users\DELL\Desktop\gestion-locations\conf\logging.properties
15-Mar-2026 07:29:55.940 INFO [main] org.apache.catalina.startup.VersionLoggerListener.log Argument de la ligne de commande : -Djava.util.logging.manager=org.apache.juli.ClassLoaderLogManager
15-Mar-2026 07:29:55.940 INFO [main] org.apache.catalina.startup.VersionLoggerListener.log Argument de la ligne de commande : -Dkotlinx.coroutines.debug.enable.creation.stack.trace=false
15-Mar-2026 07:29:55.941 INFO [main] org.apache.catalina.startup.VersionLoggerListener.log Argument de la ligne de commande : -Ddebugger.agent.enable.coroutines=true
15-Mar-2026 07:29:55.941 INFO [main] org.apache.catalina.startup.VersionLoggerListener.log Argument de la ligne de commande : -Dkotlinx.coroutines.debug.enable.flows.stack.trace=true
15-Mar-2026 07:29:55.941 INFO [main] org.apache.catalina.startup.VersionLoggerListener.log Argument de la ligne de commande : -Dkotlinx.coroutines.debug.enable.mutable.state.flows.stack.trace=true
15-Mar-2026 07:29:55.941 INFO [main] org.apache.catalina.startup.VersionLoggerListener.log Argument de la ligne de commande : -Ddebugger.async.stack.trace.for.all.threads=true
15-Mar-2026 07:29:55.941 INFO [main] org.apache.catalina.startup.VersionLoggerListener.log Argument de la ligne de commande : -Dfile.encoding=UTF-8
15-Mar-2026 07:29:55.942 INFO [main] org.apache.catalina.startup.VersionLoggerListener.log Argument de la ligne de commande : -Dsun.stdout.encoding=UTF-8
15-Mar-2026 07:29:55.942 INFO [main] org.apache.catalina.startup.VersionLoggerListener.log Argument de la ligne de commande : -Dsun.stderr.encoding=UTF-8
15-Mar-2026 07:29:55.952 INFO [main] org.apache.catalina.core.AprLifecycleListener.lifecycleEvent Chargement de la librairie Apache Tomcat Native [1.3.5] en utilisant APR version [1.7.6]
15-Mar-2026 07:29:55.952 INFO [main] org.apache.catalina.core.AprLifecycleListener.lifecycleEvent Fonctionnalités d'APR : IPv6 [true], sendfile [true], accept filters [false], random [true], UDS [true]
15-Mar-2026 07:29:55.952 INFO [main] org.apache.catalina.core.AprLifecycleListener.lifecycleEvent Configuration de APR/OpenSSL : useAprConnector [false], useOpenSSL [true]
15-Mar-2026 07:29:55.969 INFO [main] org.apache.catalina.core.AprLifecycleListener.initializeSSL OpenSSL a été initialisé avec succès [OpenSSL 3.0.18 30 Sep 2025]
15-Mar-2026 07:29:56.529 INFO [main] org.apache.coyote.AbstractProtocol.init Initialisation du gestionnaire de protocole ["http-nio-8080"]
15-Mar-2026 07:29:56.579 INFO [main] org.apache.catalina.startup.Catalina.load L'initialisation du serveur a pris [1243] millisecondes
15-Mar-2026 07:29:56.648 INFO [main] org.apache.catalina.core.StandardService.startInternal Démarrage du service [Catalina]
15-Mar-2026 07:29:56.649 INFO [main] org.apache.catalina.core.StandardEngine.startInternal Démarrage du moteur de Servlets : [Apache Tomcat/9.0.115]
15-Mar-2026 07:29:56.672 INFO [main] org.apache.catalina.startup.HostConfig.deployDescriptor Déploiement du descripteur de configuration [C:\Users\DELL\Desktop\gestion-locations\conf\Catalina\localhost\gestion-locations.xml]
15-Mar-2026 07:30:00.226 INFO [main] org.apache.jasper.servlet.TldScanner.scanJars Au moins un fichier JAR a été analysé pour trouver des TLDs mais il n'en contenait pas, le mode "debug" du journal peut être activé pour obtenir une liste complète de JAR scannés sans succès ; éviter d'analyser des JARs inutilement peut améliorer sensiblement le temps de démarrage et le temps de compilation des JSPs
15-Mar-2026 07:30:00.370 INFO [main] org.apache.catalina.startup.HostConfig.deployDescriptor Le traitement du descripteur de déploiement [C:\Users\DELL\Desktop\gestion-locations\conf\Catalina\localhost\gestion-locations.xml] a pris [3 682] ms
15-Mar-2026 07:30:00.378 INFO [main] org.apache.coyote.AbstractProtocol.start Démarrage du gestionnaire de protocole ["http-nio-8080"]
15-Mar-2026 07:30:00.429 INFO [main] org.apache.catalina.startup.Catalina.start Le démarrage du serveur a pris [3847] millisecondes
15-Mar-2026 22:53:32.700 INFO [Thread-1] org.apache.coyote.AbstractProtocol.pause Le gestionnaire de protocole ["http-nio-8080"] est mis en pause
15-Mar-2026 22:53:32.897 INFO [Thread-1] org.apache.catalina.core.StandardService.stopInternal Arrêt du service [Catalina]
15-Mar-2026 22:53:33.007 INFO [Thread-1] org.apache.coyote.AbstractProtocol.stop Arrêt du gestionnaire de protocole ["http-nio-8080"]
15-Mar-2026 22:53:33.030 INFO [Thread-1] org.apache.coyote.AbstractProtocol.destroy Destruction du gestionnaire de protocole ["http-nio-8080"]
15-Mar-2026 22:57:20.116 INFO [main] org.apache.catalina.startup.VersionLoggerListener.log Nom version serveur :              Apache Tomcat/9.0.115
15-Mar-2026 22:57:20.122 INFO [main] org.apache.catalina.startup.VersionLoggerListener.log Serveur compilé :                  Jan 21 2026 08:17:26 UTC
15-Mar-2026 22:57:20.122 INFO [main] org.apache.catalina.startup.VersionLoggerListener.log Version du serveur :               9.0.115.0
15-Mar-2026 22:57:20.122 INFO [main] org.apache.catalina.startup.VersionLoggerListener.log Nom de l'OS :                      Windows 11
15-Mar-2026 22:57:20.123 INFO [main] org.apache.catalina.startup.VersionLoggerListener.log Version OS :                       10.0
15-Mar-2026 22:57:20.123 INFO [main] org.apache.catalina.startup.VersionLoggerListener.log Architecture :                     amd64
15-Mar-2026 22:57:20.123 INFO [main] org.apache.catalina.startup.VersionLoggerListener.log Java Home :                        C:\Users\DELL\.jdks\openjdk-25.0.2
15-Mar-2026 22:57:20.123 INFO [main] org.apache.catalina.startup.VersionLoggerListener.log Version JVM :                      25.0.2+10-69
15-Mar-2026 22:57:20.124 INFO [main] org.apache.catalina.startup.VersionLoggerListener.log Fournisseur de la JVM :            Oracle Corporation
15-Mar-2026 22:57:20.124 INFO [main] org.apache.catalina.startup.VersionLoggerListener.log CATALINA_BASE :                    C:\Users\DELL\Desktop\gestion-locations
15-Mar-2026 22:57:20.124 INFO [main] org.apache.catalina.startup.VersionLoggerListener.log CATALINA_HOME :                    C:\apache-tomcat-9.0.115
15-Mar-2026 22:57:20.147 INFO [main] org.apache.catalina.startup.VersionLoggerListener.log Argument de la ligne de commande : --add-opens=java.base/java.lang=ALL-UNNAMED
15-Mar-2026 22:57:20.147 INFO [main] org.apache.catalina.startup.VersionLoggerListener.log Argument de la ligne de commande : --add-opens=java.base/java.io=ALL-UNNAMED
15-Mar-2026 22:57:20.148 INFO [main] org.apache.catalina.startup.VersionLoggerListener.log Argument de la ligne de commande : --add-opens=java.base/java.util=ALL-UNNAMED
15-Mar-2026 22:57:20.148 INFO [main] org.apache.catalina.startup.VersionLoggerListener.log Argument de la ligne de commande : --add-opens=java.base/java.util.concurrent=ALL-UNNAMED
15-Mar-2026 22:57:20.148 INFO [main] org.apache.catalina.startup.VersionLoggerListener.log Argument de la ligne de commande : --add-opens=java.rmi/sun.rmi.transport=ALL-UNNAMED
15-Mar-2026 22:57:20.149 INFO [main] org.apache.catalina.startup.VersionLoggerListener.log Argument de la ligne de commande : -Dcatalina.home=C:\apache-tomcat-9.0.115
15-Mar-2026 22:57:20.149 INFO [main] org.apache.catalina.startup.VersionLoggerListener.log Argument de la ligne de commande : -Dcatalina.base=C:\Users\DELL\Desktop\gestion-locations
15-Mar-2026 22:57:20.149 INFO [main] org.apache.catalina.startup.VersionLoggerListener.log Argument de la ligne de commande : -Djava.io.tmpdir=C:\Users\DELL\Desktop\gestion-locations\temp
15-Mar-2026 22:57:20.149 INFO [main] org.apache.catalina.startup.VersionLoggerListener.log Argument de la ligne de commande : -Djava.util.logging.config.file=C:\Users\DELL\Desktop\gestion-locations\conf\logging.properties
15-Mar-2026 22:57:20.150 INFO [main] org.apache.catalina.startup.VersionLoggerListener.log Argument de la ligne de commande : -Djava.util.logging.manager=org.apache.juli.ClassLoaderLogManager
15-Mar-2026 22:57:20.150 INFO [main] org.apache.catalina.startup.VersionLoggerListener.log Argument de la ligne de commande : -javaagent:C:\Program Files\JetBrains\IntelliJ IDEA 2025.3.3\lib\idea_rt.jar=59156
15-Mar-2026 22:57:20.151 INFO [main] org.apache.catalina.startup.VersionLoggerListener.log Argument de la ligne de commande : -Dfile.encoding=UTF-8
15-Mar-2026 22:57:20.151 INFO [main] org.apache.catalina.startup.VersionLoggerListener.log Argument de la ligne de commande : -Dsun.stdout.encoding=UTF-8
15-Mar-2026 22:57:20.151 INFO [main] org.apache.catalina.startup.VersionLoggerListener.log Argument de la ligne de commande : -Dsun.stderr.encoding=UTF-8
15-Mar-2026 22:57:20.166 INFO [main] org.apache.catalina.core.AprLifecycleListener.lifecycleEvent Chargement de la librairie Apache Tomcat Native [1.3.5] en utilisant APR version [1.7.6]
15-Mar-2026 22:57:20.166 INFO [main] org.apache.catalina.core.AprLifecycleListener.lifecycleEvent Fonctionnalités d'APR : IPv6 [true], sendfile [true], accept filters [false], random [true], UDS [true]
15-Mar-2026 22:57:20.166 INFO [main] org.apache.catalina.core.AprLifecycleListener.lifecycleEvent Configuration de APR/OpenSSL : useAprConnector [false], useOpenSSL [true]
15-Mar-2026 22:57:20.190 INFO [main] org.apache.catalina.core.AprLifecycleListener.initializeSSL OpenSSL a été initialisé avec succès [OpenSSL 3.0.18 30 Sep 2025]
15-Mar-2026 22:57:21.014 INFO [main] org.apache.coyote.AbstractProtocol.init Initialisation du gestionnaire de protocole ["http-nio-8080"]
15-Mar-2026 22:57:21.068 INFO [main] org.apache.catalina.startup.Catalina.load L'initialisation du serveur a pris [1451] millisecondes
15-Mar-2026 22:57:21.182 INFO [main] org.apache.catalina.core.StandardService.startInternal Démarrage du service [Catalina]
15-Mar-2026 22:57:21.183 INFO [main] org.apache.catalina.core.StandardEngine.startInternal Démarrage du moteur de Servlets : [Apache Tomcat/9.0.115]
15-Mar-2026 22:57:21.202 INFO [main] org.apache.catalina.startup.HostConfig.deployDescriptor Déploiement du descripteur de configuration [C:\Users\DELL\Desktop\gestion-locations\conf\Catalina\localhost\gestion-locations.xml]
15-Mar-2026 22:57:26.146 INFO [main] org.apache.jasper.servlet.TldScanner.scanJars Au moins un fichier JAR a été analysé pour trouver des TLDs mais il n'en contenait pas, le mode "debug" du journal peut être activé pour obtenir une liste complète de JAR scannés sans succès ; éviter d'analyser des JARs inutilement peut améliorer sensiblement le temps de démarrage et le temps de compilation des JSPs
15-Mar-2026 22:57:26.337 INFO [main] org.apache.catalina.startup.HostConfig.deployDescriptor Le traitement du descripteur de déploiement [C:\Users\DELL\Desktop\gestion-locations\conf\Catalina\localhost\gestion-locations.xml] a pris [5 125] ms
15-Mar-2026 22:57:26.345 INFO [main] org.apache.coyote.AbstractProtocol.start Démarrage du gestionnaire de protocole ["http-nio-8080"]
15-Mar-2026 22:57:26.418 INFO [main] org.apache.catalina.startup.Catalina.start Le démarrage du serveur a pris [5346] millisecondes
15-Mar-2026 23:14:06.257 INFO [Thread-1] org.apache.coyote.AbstractProtocol.pause Le gestionnaire de protocole ["http-nio-8080"] est mis en pause
15-Mar-2026 23:14:06.474 INFO [Thread-1] org.apache.catalina.core.StandardService.stopInternal Arrêt du service [Catalina]
15-Mar-2026 23:14:06.780 INFO [Thread-1] org.apache.coyote.AbstractProtocol.stop Arrêt du gestionnaire de protocole ["http-nio-8080"]
15-Mar-2026 23:14:06.809 INFO [Thread-1] org.apache.coyote.AbstractProtocol.destroy Destruction du gestionnaire de protocole ["http-nio-8080"]
15-Mar-2026 23:31:51.043 INFO [main] org.apache.catalina.startup.VersionLoggerListener.log Nom version serveur :              Apache Tomcat/9.0.115
15-Mar-2026 23:31:51.047 INFO [main] org.apache.catalina.startup.VersionLoggerListener.log Serveur compilé :                  Jan 21 2026 08:17:26 UTC
15-Mar-2026 23:31:51.048 INFO [main] org.apache.catalina.startup.VersionLoggerListener.log Version du serveur :               9.0.115.0
15-Mar-2026 23:31:51.048 INFO [main] org.apache.catalina.startup.VersionLoggerListener.log Nom de l'OS :                      Windows 11
15-Mar-2026 23:31:51.048 INFO [main] org.apache.catalina.startup.VersionLoggerListener.log Version OS :                       10.0
15-Mar-2026 23:31:51.049 INFO [main] org.apache.catalina.startup.VersionLoggerListener.log Architecture :                     amd64
15-Mar-2026 23:31:51.049 INFO [main] org.apache.catalina.startup.VersionLoggerListener.log Java Home :                        C:\Users\DELL\.jdks\openjdk-25.0.2
15-Mar-2026 23:31:51.049 INFO [main] org.apache.catalina.startup.VersionLoggerListener.log Version JVM :                      25.0.2+10-69
15-Mar-2026 23:31:51.049 INFO [main] org.apache.catalina.startup.VersionLoggerListener.log Fournisseur de la JVM :            Oracle Corporation
15-Mar-2026 23:31:51.049 INFO [main] org.apache.catalina.startup.VersionLoggerListener.log CATALINA_BASE :                    C:\Users\DELL\Desktop\gestion-locations
15-Mar-2026 23:31:51.050 INFO [main] org.apache.catalina.startup.VersionLoggerListener.log CATALINA_HOME :                    C:\apache-tomcat-9.0.115
15-Mar-2026 23:31:51.073 INFO [main] org.apache.catalina.startup.VersionLoggerListener.log Argument de la ligne de commande : --add-opens=java.base/java.lang=ALL-UNNAMED
15-Mar-2026 23:31:51.073 INFO [main] org.apache.catalina.startup.VersionLoggerListener.log Argument de la ligne de commande : --add-opens=java.base/java.io=ALL-UNNAMED
15-Mar-2026 23:31:51.074 INFO [main] org.apache.catalina.startup.VersionLoggerListener.log Argument de la ligne de commande : --add-opens=java.base/java.util=ALL-UNNAMED
15-Mar-2026 23:31:51.074 INFO [main] org.apache.catalina.startup.VersionLoggerListener.log Argument de la ligne de commande : --add-opens=java.base/java.util.concurrent=ALL-UNNAMED
15-Mar-2026 23:31:51.074 INFO [main] org.apache.catalina.startup.VersionLoggerListener.log Argument de la ligne de commande : --add-opens=java.rmi/sun.rmi.transport=ALL-UNNAMED
15-Mar-2026 23:31:51.074 INFO [main] org.apache.catalina.startup.VersionLoggerListener.log Argument de la ligne de commande : -Dcatalina.home=C:\apache-tomcat-9.0.115
15-Mar-2026 23:31:51.075 INFO [main] org.apache.catalina.startup.VersionLoggerListener.log Argument de la ligne de commande : -Dcatalina.base=C:\Users\DELL\Desktop\gestion-locations
15-Mar-2026 23:31:51.075 INFO [main] org.apache.catalina.startup.VersionLoggerListener.log Argument de la ligne de commande : -Djava.io.tmpdir=C:\Users\DELL\Desktop\gestion-locations\temp
15-Mar-2026 23:31:51.075 INFO [main] org.apache.catalina.startup.VersionLoggerListener.log Argument de la ligne de commande : -Djava.util.logging.config.file=C:\Users\DELL\Desktop\gestion-locations\conf\logging.properties
15-Mar-2026 23:31:51.075 INFO [main] org.apache.catalina.startup.VersionLoggerListener.log Argument de la ligne de commande : -Djava.util.logging.manager=org.apache.juli.ClassLoaderLogManager
15-Mar-2026 23:31:51.075 INFO [main] org.apache.catalina.startup.VersionLoggerListener.log Argument de la ligne de commande : -javaagent:C:\Program Files\JetBrains\IntelliJ IDEA 2025.3.3\lib\idea_rt.jar=52365
15-Mar-2026 23:31:51.075 INFO [main] org.apache.catalina.startup.VersionLoggerListener.log Argument de la ligne de commande : -Dfile.encoding=UTF-8
15-Mar-2026 23:31:51.075 INFO [main] org.apache.catalina.startup.VersionLoggerListener.log Argument de la ligne de commande : -Dsun.stdout.encoding=UTF-8
15-Mar-2026 23:31:51.076 INFO [main] org.apache.catalina.startup.VersionLoggerListener.log Argument de la ligne de commande : -Dsun.stderr.encoding=UTF-8
15-Mar-2026 23:31:51.089 INFO [main] org.apache.catalina.core.AprLifecycleListener.lifecycleEvent Chargement de la librairie Apache Tomcat Native [1.3.5] en utilisant APR version [1.7.6]
15-Mar-2026 23:31:51.089 INFO [main] org.apache.catalina.core.AprLifecycleListener.lifecycleEvent Fonctionnalités d'APR : IPv6 [true], sendfile [true], accept filters [false], random [true], UDS [true]
15-Mar-2026 23:31:51.089 INFO [main] org.apache.catalina.core.AprLifecycleListener.lifecycleEvent Configuration de APR/OpenSSL : useAprConnector [false], useOpenSSL [true]
15-Mar-2026 23:31:51.128 INFO [main] org.apache.catalina.core.AprLifecycleListener.initializeSSL OpenSSL a été initialisé avec succès [OpenSSL 3.0.18 30 Sep 2025]
15-Mar-2026 23:31:52.014 INFO [main] org.apache.coyote.AbstractProtocol.init Initialisation du gestionnaire de protocole ["http-nio-8080"]
15-Mar-2026 23:31:52.066 INFO [main] org.apache.catalina.startup.Catalina.load L'initialisation du serveur a pris [1507] millisecondes
15-Mar-2026 23:31:52.196 INFO [main] org.apache.catalina.core.StandardService.startInternal Démarrage du service [Catalina]
15-Mar-2026 23:31:52.197 INFO [main] org.apache.catalina.core.StandardEngine.startInternal Démarrage du moteur de Servlets : [Apache Tomcat/9.0.115]
15-Mar-2026 23:31:52.220 INFO [main] org.apache.catalina.startup.HostConfig.deployDescriptor Déploiement du descripteur de configuration [C:\Users\DELL\Desktop\gestion-locations\conf\Catalina\localhost\gestion-locations.xml]
15-Mar-2026 23:31:57.244 INFO [main] org.apache.jasper.servlet.TldScanner.scanJars Au moins un fichier JAR a été analysé pour trouver des TLDs mais il n'en contenait pas, le mode "debug" du journal peut être activé pour obtenir une liste complète de JAR scannés sans succès ; éviter d'analyser des JARs inutilement peut améliorer sensiblement le temps de démarrage et le temps de compilation des JSPs
15-Mar-2026 23:31:57.418 INFO [main] org.apache.catalina.startup.HostConfig.deployDescriptor Le traitement du descripteur de déploiement [C:\Users\DELL\Desktop\gestion-locations\conf\Catalina\localhost\gestion-locations.xml] a pris [5 189] ms
15-Mar-2026 23:31:57.426 INFO [main] org.apache.coyote.AbstractProtocol.start Démarrage du gestionnaire de protocole ["http-nio-8080"]
15-Mar-2026 23:31:57.503 INFO [main] org.apache.catalina.startup.Catalina.start Le démarrage du serveur a pris [5433] millisecondes
15-Mar-2026 23:34:20.401 INFO [Thread-1] org.apache.coyote.AbstractProtocol.pause Le gestionnaire de protocole ["http-nio-8080"] est mis en pause
15-Mar-2026 23:34:20.479 INFO [Thread-1] org.apache.catalina.core.StandardService.stopInternal Arrêt du service [Catalina]
15-Mar-2026 23:34:20.502 INFO [Thread-1] org.apache.coyote.AbstractProtocol.stop Arrêt du gestionnaire de protocole ["http-nio-8080"]
15-Mar-2026 23:34:20.515 INFO [Thread-1] org.apache.coyote.AbstractProtocol.destroy Destruction du gestionnaire de protocole ["http-nio-8080"]
15-Mar-2026 23:34:22.660 INFO [main] org.apache.catalina.startup.VersionLoggerListener.log Nom version serveur :              Apache Tomcat/9.0.115
15-Mar-2026 23:34:22.665 INFO [main] org.apache.catalina.startup.VersionLoggerListener.log Serveur compilé :                  Jan 21 2026 08:17:26 UTC
15-Mar-2026 23:34:22.667 INFO [main] org.apache.catalina.startup.VersionLoggerListener.log Version du serveur :               9.0.115.0
15-Mar-2026 23:34:22.667 INFO [main] org.apache.catalina.startup.VersionLoggerListener.log Nom de l'OS :                      Windows 11
15-Mar-2026 23:34:22.668 INFO [main] org.apache.catalina.startup.VersionLoggerListener.log Version OS :                       10.0
15-Mar-2026 23:34:22.668 INFO [main] org.apache.catalina.startup.VersionLoggerListener.log Architecture :                     amd64
15-Mar-2026 23:34:22.668 INFO [main] org.apache.catalina.startup.VersionLoggerListener.log Java Home :                        C:\Users\DELL\.jdks\openjdk-25.0.2
15-Mar-2026 23:34:22.668 INFO [main] org.apache.catalina.startup.VersionLoggerListener.log Version JVM :                      25.0.2+10-69
15-Mar-2026 23:34:22.669 INFO [main] org.apache.catalina.startup.VersionLoggerListener.log Fournisseur de la JVM :            Oracle Corporation
15-Mar-2026 23:34:22.669 INFO [main] org.apache.catalina.startup.VersionLoggerListener.log CATALINA_BASE :                    C:\Users\DELL\Desktop\gestion-locations
15-Mar-2026 23:34:22.669 INFO [main] org.apache.catalina.startup.VersionLoggerListener.log CATALINA_HOME :                    C:\apache-tomcat-9.0.115
15-Mar-2026 23:34:22.694 INFO [main] org.apache.catalina.startup.VersionLoggerListener.log Argument de la ligne de commande : --add-opens=java.base/java.lang=ALL-UNNAMED
15-Mar-2026 23:34:22.694 INFO [main] org.apache.catalina.startup.VersionLoggerListener.log Argument de la ligne de commande : --add-opens=java.base/java.io=ALL-UNNAMED
15-Mar-2026 23:34:22.694 INFO [main] org.apache.catalina.startup.VersionLoggerListener.log Argument de la ligne de commande : --add-opens=java.base/java.util=ALL-UNNAMED
15-Mar-2026 23:34:22.694 INFO [main] org.apache.catalina.startup.VersionLoggerListener.log Argument de la ligne de commande : --add-opens=java.base/java.util.concurrent=ALL-UNNAMED
15-Mar-2026 23:34:22.695 INFO [main] org.apache.catalina.startup.VersionLoggerListener.log Argument de la ligne de commande : --add-opens=java.rmi/sun.rmi.transport=ALL-UNNAMED
15-Mar-2026 23:34:22.695 INFO [main] org.apache.catalina.startup.VersionLoggerListener.log Argument de la ligne de commande : -Dcatalina.home=C:\apache-tomcat-9.0.115
15-Mar-2026 23:34:22.695 INFO [main] org.apache.catalina.startup.VersionLoggerListener.log Argument de la ligne de commande : -Dcatalina.base=C:\Users\DELL\Desktop\gestion-locations
15-Mar-2026 23:34:22.695 INFO [main] org.apache.catalina.startup.VersionLoggerListener.log Argument de la ligne de commande : -Djava.io.tmpdir=C:\Users\DELL\Desktop\gestion-locations\temp
15-Mar-2026 23:34:22.697 INFO [main] org.apache.catalina.startup.VersionLoggerListener.log Argument de la ligne de commande : -Djava.util.logging.config.file=C:\Users\DELL\Desktop\gestion-locations\conf\logging.properties
15-Mar-2026 23:34:22.697 INFO [main] org.apache.catalina.startup.VersionLoggerListener.log Argument de la ligne de commande : -Djava.util.logging.manager=org.apache.juli.ClassLoaderLogManager
15-Mar-2026 23:34:22.697 INFO [main] org.apache.catalina.startup.VersionLoggerListener.log Argument de la ligne de commande : -javaagent:C:\Program Files\JetBrains\IntelliJ IDEA 2025.3.3\lib\idea_rt.jar=57650
15-Mar-2026 23:34:22.697 INFO [main] org.apache.catalina.startup.VersionLoggerListener.log Argument de la ligne de commande : -Dfile.encoding=UTF-8
15-Mar-2026 23:34:22.698 INFO [main] org.apache.catalina.startup.VersionLoggerListener.log Argument de la ligne de commande : -Dsun.stdout.encoding=UTF-8
15-Mar-2026 23:34:22.698 INFO [main] org.apache.catalina.startup.VersionLoggerListener.log Argument de la ligne de commande : -Dsun.stderr.encoding=UTF-8
15-Mar-2026 23:34:22.712 INFO [main] org.apache.catalina.core.AprLifecycleListener.lifecycleEvent Chargement de la librairie Apache Tomcat Native [1.3.5] en utilisant APR version [1.7.6]
15-Mar-2026 23:34:22.713 INFO [main] org.apache.catalina.core.AprLifecycleListener.lifecycleEvent Fonctionnalités d'APR : IPv6 [true], sendfile [true], accept filters [false], random [true], UDS [true]
15-Mar-2026 23:34:22.713 INFO [main] org.apache.catalina.core.AprLifecycleListener.lifecycleEvent Configuration de APR/OpenSSL : useAprConnector [false], useOpenSSL [true]
15-Mar-2026 23:34:22.736 INFO [main] org.apache.catalina.core.AprLifecycleListener.initializeSSL OpenSSL a été initialisé avec succès [OpenSSL 3.0.18 30 Sep 2025]
15-Mar-2026 23:34:23.594 INFO [main] org.apache.coyote.AbstractProtocol.init Initialisation du gestionnaire de protocole ["http-nio-8080"]
15-Mar-2026 23:34:23.631 INFO [main] org.apache.catalina.startup.Catalina.load L'initialisation du serveur a pris [1693] millisecondes
15-Mar-2026 23:34:23.733 INFO [main] org.apache.catalina.core.StandardService.startInternal Démarrage du service [Catalina]
15-Mar-2026 23:34:23.735 INFO [main] org.apache.catalina.core.StandardEngine.startInternal Démarrage du moteur de Servlets : [Apache Tomcat/9.0.115]
15-Mar-2026 23:34:23.751 INFO [main] org.apache.catalina.startup.HostConfig.deployDescriptor Déploiement du descripteur de configuration [C:\Users\DELL\Desktop\gestion-locations\conf\Catalina\localhost\gestion-locations.xml]
15-Mar-2026 23:34:28.281 INFO [main] org.apache.jasper.servlet.TldScanner.scanJars Au moins un fichier JAR a été analysé pour trouver des TLDs mais il n'en contenait pas, le mode "debug" du journal peut être activé pour obtenir une liste complète de JAR scannés sans succès ; éviter d'analyser des JARs inutilement peut améliorer sensiblement le temps de démarrage et le temps de compilation des JSPs
15-Mar-2026 23:34:28.428 INFO [main] org.apache.catalina.startup.HostConfig.deployDescriptor Le traitement du descripteur de déploiement [C:\Users\DELL\Desktop\gestion-locations\conf\Catalina\localhost\gestion-locations.xml] a pris [4 668] ms
15-Mar-2026 23:34:28.439 INFO [main] org.apache.coyote.AbstractProtocol.start Démarrage du gestionnaire de protocole ["http-nio-8080"]
15-Mar-2026 23:34:28.505 INFO [main] org.apache.catalina.startup.Catalina.start Le démarrage du serveur a pris [4869] millisecondes
15-Mar-2026 23:35:06.458 INFO [Thread-1] org.apache.coyote.AbstractProtocol.pause Le gestionnaire de protocole ["http-nio-8080"] est mis en pause
15-Mar-2026 23:35:06.546 INFO [Thread-1] org.apache.catalina.core.StandardService.stopInternal Arrêt du service [Catalina]
15-Mar-2026 23:35:06.569 INFO [Thread-1] org.apache.coyote.AbstractProtocol.stop Arrêt du gestionnaire de protocole ["http-nio-8080"]
15-Mar-2026 23:35:06.581 INFO [Thread-1] org.apache.coyote.AbstractProtocol.destroy Destruction du gestionnaire de protocole ["http-nio-8080"]
15-Mar-2026 23:51:52.942 INFO [main] org.apache.catalina.startup.VersionLoggerListener.log Nom version serveur :              Apache Tomcat/9.0.115
15-Mar-2026 23:51:52.947 INFO [main] org.apache.catalina.startup.VersionLoggerListener.log Serveur compilé :                  Jan 21 2026 08:17:26 UTC
15-Mar-2026 23:51:52.947 INFO [main] org.apache.catalina.startup.VersionLoggerListener.log Version du serveur :               9.0.115.0
15-Mar-2026 23:51:52.948 INFO [main] org.apache.catalina.startup.VersionLoggerListener.log Nom de l'OS :                      Windows 11
15-Mar-2026 23:51:52.948 INFO [main] org.apache.catalina.startup.VersionLoggerListener.log Version OS :                       10.0
15-Mar-2026 23:51:52.948 INFO [main] org.apache.catalina.startup.VersionLoggerListener.log Architecture :                     amd64
15-Mar-2026 23:51:52.948 INFO [main] org.apache.catalina.startup.VersionLoggerListener.log Java Home :                        C:\Users\DELL\.jdks\openjdk-25.0.2
15-Mar-2026 23:51:52.949 INFO [main] org.apache.catalina.startup.VersionLoggerListener.log Version JVM :                      25.0.2+10-69
15-Mar-2026 23:51:52.949 INFO [main] org.apache.catalina.startup.VersionLoggerListener.log Fournisseur de la JVM :            Oracle Corporation
15-Mar-2026 23:51:52.949 INFO [main] org.apache.catalina.startup.VersionLoggerListener.log CATALINA_BASE :                    C:\Users\DELL\Desktop\gestion-locations
15-Mar-2026 23:51:52.949 INFO [main] org.apache.catalina.startup.VersionLoggerListener.log CATALINA_HOME :                    C:\apache-tomcat-9.0.115
15-Mar-2026 23:51:52.974 INFO [main] org.apache.catalina.startup.VersionLoggerListener.log Argument de la ligne de commande : --add-opens=java.base/java.lang=ALL-UNNAMED
15-Mar-2026 23:51:52.975 INFO [main] org.apache.catalina.startup.VersionLoggerListener.log Argument de la ligne de commande : --add-opens=java.base/java.io=ALL-UNNAMED
15-Mar-2026 23:51:52.975 INFO [main] org.apache.catalina.startup.VersionLoggerListener.log Argument de la ligne de commande : --add-opens=java.base/java.util=ALL-UNNAMED
15-Mar-2026 23:51:52.975 INFO [main] org.apache.catalina.startup.VersionLoggerListener.log Argument de la ligne de commande : --add-opens=java.base/java.util.concurrent=ALL-UNNAMED
15-Mar-2026 23:51:52.975 INFO [main] org.apache.catalina.startup.VersionLoggerListener.log Argument de la ligne de commande : --add-opens=java.rmi/sun.rmi.transport=ALL-UNNAMED
15-Mar-2026 23:51:52.975 INFO [main] org.apache.catalina.startup.VersionLoggerListener.log Argument de la ligne de commande : -Dcatalina.home=C:\apache-tomcat-9.0.115
15-Mar-2026 23:51:52.976 INFO [main] org.apache.catalina.startup.VersionLoggerListener.log Argument de la ligne de commande : -Dcatalina.base=C:\Users\DELL\Desktop\gestion-locations
15-Mar-2026 23:51:52.976 INFO [main] org.apache.catalina.startup.VersionLoggerListener.log Argument de la ligne de commande : -Djava.io.tmpdir=C:\Users\DELL\Desktop\gestion-locations\temp
15-Mar-2026 23:51:52.976 INFO [main] org.apache.catalina.startup.VersionLoggerListener.log Argument de la ligne de commande : -Djava.util.logging.config.file=C:\Users\DELL\Desktop\gestion-locations\conf\logging.properties
15-Mar-2026 23:51:52.976 INFO [main] org.apache.catalina.startup.VersionLoggerListener.log Argument de la ligne de commande : -Djava.util.logging.manager=org.apache.juli.ClassLoaderLogManager
15-Mar-2026 23:51:52.977 INFO [main] org.apache.catalina.startup.VersionLoggerListener.log Argument de la ligne de commande : -javaagent:C:\Program Files\JetBrains\IntelliJ IDEA 2025.3.3\lib\idea_rt.jar=52775
15-Mar-2026 23:51:52.977 INFO [main] org.apache.catalina.startup.VersionLoggerListener.log Argument de la ligne de commande : -Dfile.encoding=UTF-8
15-Mar-2026 23:51:52.977 INFO [main] org.apache.catalina.startup.VersionLoggerListener.log Argument de la ligne de commande : -Dsun.stdout.encoding=UTF-8
15-Mar-2026 23:51:52.977 INFO [main] org.apache.catalina.startup.VersionLoggerListener.log Argument de la ligne de commande : -Dsun.stderr.encoding=UTF-8
15-Mar-2026 23:51:52.990 INFO [main] org.apache.catalina.core.AprLifecycleListener.lifecycleEvent Chargement de la librairie Apache Tomcat Native [1.3.5] en utilisant APR version [1.7.6]
15-Mar-2026 23:51:52.991 INFO [main] org.apache.catalina.core.AprLifecycleListener.lifecycleEvent Fonctionnalités d'APR : IPv6 [true], sendfile [true], accept filters [false], random [true], UDS [true]
15-Mar-2026 23:51:52.991 INFO [main] org.apache.catalina.core.AprLifecycleListener.lifecycleEvent Configuration de APR/OpenSSL : useAprConnector [false], useOpenSSL [true]
15-Mar-2026 23:51:53.049 INFO [main] org.apache.catalina.core.AprLifecycleListener.initializeSSL OpenSSL a été initialisé avec succès [OpenSSL 3.0.18 30 Sep 2025]
15-Mar-2026 23:51:54.105 INFO [main] org.apache.coyote.AbstractProtocol.init Initialisation du gestionnaire de protocole ["http-nio-8080"]
15-Mar-2026 23:51:54.149 INFO [main] org.apache.catalina.startup.Catalina.load L'initialisation du serveur a pris [1647] millisecondes
15-Mar-2026 23:51:54.257 INFO [main] org.apache.catalina.core.StandardService.startInternal Démarrage du service [Catalina]
15-Mar-2026 23:51:54.258 INFO [main] org.apache.catalina.core.StandardEngine.startInternal Démarrage du moteur de Servlets : [Apache Tomcat/9.0.115]
15-Mar-2026 23:51:54.278 INFO [main] org.apache.catalina.startup.HostConfig.deployDescriptor Déploiement du descripteur de configuration [C:\Users\DELL\Desktop\gestion-locations\conf\Catalina\localhost\gestion-locations.xml]
15-Mar-2026 23:51:59.314 INFO [main] org.apache.jasper.servlet.TldScanner.scanJars Au moins un fichier JAR a été analysé pour trouver des TLDs mais il n'en contenait pas, le mode "debug" du journal peut être activé pour obtenir une liste complète de JAR scannés sans succès ; éviter d'analyser des JARs inutilement peut améliorer sensiblement le temps de démarrage et le temps de compilation des JSPs
15-Mar-2026 23:51:59.539 INFO [main] org.apache.catalina.startup.HostConfig.deployDescriptor Le traitement du descripteur de déploiement [C:\Users\DELL\Desktop\gestion-locations\conf\Catalina\localhost\gestion-locations.xml] a pris [5 248] ms
15-Mar-2026 23:51:59.548 INFO [main] org.apache.coyote.AbstractProtocol.start Démarrage du gestionnaire de protocole ["http-nio-8080"]
15-Mar-2026 23:51:59.639 INFO [main] org.apache.catalina.startup.Catalina.start Le démarrage du serveur a pris [5485] millisecondes
